#
# There is insufficient memory for the Java Runtime Environment to continue.
# Native memory allocation (mmap) failed to map 5242880 bytes. Error detail: G1 virtual space
# Possible reasons:
#   The system is out of physical RAM or swap space
#   This process is running with CompressedOops enabled, and the Java Heap may be blocking the growth of the native heap
# Possible solutions:
#   Reduce memory load on the system
#   Increase physical memory or swap space
#   Check if swap backing store is full
#   Decrease Java heap size (-Xmx/-Xms)
#   Decrease number of Java threads
#   Decrease Java thread stack sizes (-Xss)
#   Set larger code cache with -XX:ReservedCodeCacheSize=
#   JVM is running with Unscaled Compressed Oops mode in which the Java heap is
#     placed in the first 4GB address space. The Java Heap base address is the
#     maximum limit for the native heap growth. Please use -XX:HeapBaseMinAddress
#     to set the Java Heap base and to place the Java Heap above 4GB virtual address.
# This output file may be truncated or incomplete.
#
#  Out of Memory Error (os_windows.cpp:3686), pid=20372, tid=22140
#
# JRE version: OpenJDK Runtime Environment Temurin-21.0.6+7 (21.0.6+7) (build 21.0.6+7-LTS)
# Java VM: OpenJDK 64-Bit Server VM Temurin-21.0.6+7 (21.0.6+7-LTS, mixed mode, emulated-client, sharing, tiered, compressed oops, compressed class ptrs, g1 gc, windows-amd64)
# No core dump will be written. Minidumps are not enabled by default on client versions of Windows
#

---------------  S U M M A R Y ------------

Command Line: -Dcom.sun.management.jmxremote -Dcom.sun.management.jmxremote.port=57871 -Dcom.sun.management.jmxremote.authenticate=false -Dcom.sun.management.jmxremote.ssl=false -Djava.rmi.server.hostname=localhost -Dspring.jmx.enabled=true -Dmanagement.endpoints.jmx.exposure.include=* -Dspring.application.admin.enabled=true -Dspring.output.ansi.enabled=always -XX:TieredStopAtLevel=1 -Dspring.boot.project.name=myapp -Dfile.encoding=UTF-8 -Dstdout.encoding=UTF-8 -Dstderr.encoding=UTF-8 -XX:+ShowCodeDetailsInExceptionMessages com.wedding.ecommerce.MyappApplication

Host: 11th Gen Intel(R) Core(TM) i3-1115G4 @ 3.00GHz, 4 cores, 3G,  Windows 11 , 64 bit Build 22621 (10.0.22621.4391)
Time: Thu May  8 17:06:49 2025 Sri Lanka Standard Time elapsed time: 6.760242 seconds (0d 0h 0m 6s)

---------------  T H R E A D  ---------------

Current thread (0x0000024ba0b71380):  VMThread "VM Thread"          [id=22140, stack(0x000000764c000000,0x000000764c100000) (1024K)]

Stack: [0x000000764c000000,0x000000764c100000]
Native frames: (J=compiled Java code, j=interpreted, Vv=VM code, C=native code)
V  [jvm.dll+0x6cdee9]
V  [jvm.dll+0x8a83d1]
V  [jvm.dll+0x8aa8fe]
V  [jvm.dll+0x8aafe3]
V  [jvm.dll+0x27f706]
V  [jvm.dll+0x6ca755]
V  [jvm.dll+0x6bea3a]
V  [jvm.dll+0x355d6a]
V  [jvm.dll+0x35d936]
V  [jvm.dll+0x3af58e]
V  [jvm.dll+0x3af838]
V  [jvm.dll+0x329efc]
V  [jvm.dll+0x329f87]
V  [jvm.dll+0x36dd4c]
V  [jvm.dll+0x36c598]
V  [jvm.dll+0x3296c1]
V  [jvm.dll+0x32cf86]
V  [jvm.dll+0x380fe6]
V  [jvm.dll+0x8b0cff]
V  [jvm.dll+0x8b2084]
V  [jvm.dll+0x8b25c0]
V  [jvm.dll+0x8b2863]
V  [jvm.dll+0x851f8b]
V  [jvm.dll+0x6cc5ed]
C  [ucrtbase.dll+0x29333]
C  [KERNEL32.DLL+0x1259d]
C  [ntdll.dll+0x5af38]

VM_Operation (0x000000764d5f81a0): CollectForMetadataAllocation, mode: safepoint, requested by thread 0x0000024be69e0970


---------------  P R O C E S S  ---------------

Threads class SMR info:
_java_thread_list=0x0000024be7157710, length=20, elements={
0x0000024b96d68f80, 0x0000024ba0b8c130, 0x0000024ba0b8e000, 0x0000024ba0b8ff50,
0x0000024ba0b93c20, 0x0000024ba0b94e10, 0x0000024ba0b9c170, 0x0000024ba0ba66c0,
0x0000024ba0c2fd80, 0x0000024be6080890, 0x0000024be6543980, 0x0000024be658be20,
0x0000024be658eb50, 0x0000024be6678830, 0x0000024be6685710, 0x0000024be6684be0,
0x0000024be66fc2f0, 0x0000024be69def30, 0x0000024be69e0970, 0x0000024be69e1000
}

Java Threads: ( => current thread )
  0x0000024b96d68f80 JavaThread "main"                              [_thread_blocked, id=19092, stack(0x000000764b900000,0x000000764ba00000) (1024K)]
  0x0000024ba0b8c130 JavaThread "Reference Handler"          daemon [_thread_blocked, id=20496, stack(0x000000764c100000,0x000000764c200000) (1024K)]
  0x0000024ba0b8e000 JavaThread "Finalizer"                  daemon [_thread_blocked, id=18160, stack(0x000000764c200000,0x000000764c300000) (1024K)]
  0x0000024ba0b8ff50 JavaThread "Signal Dispatcher"          daemon [_thread_blocked, id=17552, stack(0x000000764c300000,0x000000764c400000) (1024K)]
  0x0000024ba0b93c20 JavaThread "Attach Listener"            daemon [_thread_blocked, id=14924, stack(0x000000764c400000,0x000000764c500000) (1024K)]
  0x0000024ba0b94e10 JavaThread "Service Thread"             daemon [_thread_blocked, id=18128, stack(0x000000764c500000,0x000000764c600000) (1024K)]
  0x0000024ba0b9c170 JavaThread "Monitor Deflation Thread"   daemon [_thread_blocked, id=9224, stack(0x000000764c600000,0x000000764c700000) (1024K)]
  0x0000024ba0ba66c0 JavaThread "C1 CompilerThread0"         daemon [_thread_blocked, id=3472, stack(0x000000764c700000,0x000000764c800000) (1024K)]
  0x0000024ba0c2fd80 JavaThread "Common-Cleaner"             daemon [_thread_blocked, id=3976, stack(0x000000764c800000,0x000000764c900000) (1024K)]
  0x0000024be6080890 JavaThread "Notification Thread"        daemon [_thread_blocked, id=10608, stack(0x000000764c900000,0x000000764ca00000) (1024K)]
  0x0000024be6543980 JavaThread "RMI TCP Accept-0"           daemon [_thread_in_native, id=12964, stack(0x000000764cd00000,0x000000764ce00000) (1024K)]
  0x0000024be658be20 JavaThread "RMI TCP Accept-57871"       daemon [_thread_in_native, id=17468, stack(0x000000764ce00000,0x000000764cf00000) (1024K)]
  0x0000024be658eb50 JavaThread "RMI TCP Accept-0"           daemon [_thread_in_native, id=15148, stack(0x000000764cf00000,0x000000764d000000) (1024K)]
  0x0000024be6678830 JavaThread "RMI TCP Connection(1)-127.0.0.1" daemon [_thread_in_native, id=2256, stack(0x000000764d000000,0x000000764d100000) (1024K)]
  0x0000024be6685710 JavaThread "RMI Scheduler(0)"           daemon [_thread_blocked, id=15532, stack(0x000000764d100000,0x000000764d200000) (1024K)]
  0x0000024be6684be0 JavaThread "RMI TCP Connection(2)-127.0.0.1" daemon [_thread_in_native, id=11348, stack(0x000000764d200000,0x000000764d300000) (1024K)]
  0x0000024be66fc2f0 JavaThread "JMX server connection timeout 30" daemon [_thread_blocked, id=16648, stack(0x000000764d300000,0x000000764d400000) (1024K)]
  0x0000024be69def30 JavaThread "Thread-0"                          [_thread_blocked, id=9204, stack(0x000000764d400000,0x000000764d500000) (1024K)]
  0x0000024be69e0970 JavaThread "restartedMain"                     [_thread_blocked, id=22220, stack(0x000000764d500000,0x000000764d600000) (1024K)]
  0x0000024be69e1000 JavaThread "mysql-cj-abandoned-connection-cleanup" daemon [_thread_blocked, id=22428, stack(0x000000764d600000,0x000000764d700000) (1024K)]
Total: 20

Other Threads:
=>0x0000024ba0b71380 VMThread "VM Thread"                           [id=22140, stack(0x000000764c000000,0x000000764c100000) (1024K)]
  0x0000024ba0b6ad60 WatcherThread "VM Periodic Task Thread"        [id=3212, stack(0x000000764bf00000,0x000000764c000000) (1024K)]
  0x0000024b96da2330 WorkerThread "GC Thread#0"                     [id=624, stack(0x000000764ba00000,0x000000764bb00000) (1024K)]
  0x0000024be653f5c0 WorkerThread "GC Thread#1"                     [id=14580, stack(0x000000764ca00000,0x000000764cb00000) (1024K)]
  0x0000024be65643f0 WorkerThread "GC Thread#2"                     [id=11888, stack(0x000000764cb00000,0x000000764cc00000) (1024K)]
  0x0000024be6564790 WorkerThread "GC Thread#3"                     [id=20136, stack(0x000000764cc00000,0x000000764cd00000) (1024K)]
  0x0000024b96daaad0 ConcurrentGCThread "G1 Main Marker"            [id=7244, stack(0x000000764bb00000,0x000000764bc00000) (1024K)]
  0x0000024b96dabf20 WorkerThread "G1 Conc#0"                       [id=8940, stack(0x000000764bc00000,0x000000764bd00000) (1024K)]
  0x0000024b96e04940 ConcurrentGCThread "G1 Refine#0"               [id=16336, stack(0x000000764bd00000,0x000000764be00000) (1024K)]
  0x0000024b96e053c0 ConcurrentGCThread "G1 Service"                [id=17724, stack(0x000000764be00000,0x000000764bf00000) (1024K)]
Total: 10

Threads with active compile tasks:
Total: 0

VM state: at safepoint (normal execution)

VM Mutex/Monitor currently owned by a thread:  ([mutex/lock_event])
[0x00007ff887ccd080] MultiArray_lock - owner thread: 0x0000024be69e0970
[0x00007ff887cce380] Threads_lock - owner thread: 0x0000024ba0b71380
[0x00007ff887cce480] Heap_lock - owner thread: 0x0000024be69e0970

Heap address: 0x00000000c4200000, size: 958 MB, Compressed Oops mode: 32-bit

CDS archive(s) mapped at: [0x0000024ba1000000-0x0000024ba1c80000-0x0000024ba1c80000), size 13107200, SharedBaseAddress: 0x0000024ba1000000, ArchiveRelocationMode: 1.
Compressed class space mapped at: 0x0000024ba2000000-0x0000024be2000000, reserved size: 1073741824
Narrow klass base: 0x0000024ba1000000, Narrow klass shift: 0, Narrow klass range: 0x100000000

GC Precious Log:
 CardTable entry size: 512
 Card Set container configuration: InlinePtr #cards 5 size 8 Array Of Cards #cards 12 size 40 Howl #buckets 4 coarsen threshold 1843 Howl Bitmap #cards 512 size 80 coarsen threshold 460 Card regions per heap region 1 cards per card region 2048
 CPUs: 4 total, 4 available
 Memory: 3830M
 Large Page Support: Disabled
 NUMA Support: Disabled
 Compressed Oops: Enabled (32-bit)
 Heap Region Size: 1M
 Heap Min Capacity: 8M
 Heap Initial Capacity: 60M
 Heap Max Capacity: 958M
 Pre-touch: Disabled
 Parallel Workers: 4
 Concurrent Workers: 1
 Concurrent Refinement Workers: 4
 Periodic GC: Disabled

Heap:
 garbage-first heap   total 61440K, used 22076K [0x00000000c4200000, 0x0000000100000000)
  region size 1024K, 3 young (3072K), 3 survivors (3072K)
 Metaspace       used 35532K, committed 36096K, reserved 1114112K
  class space    used 4908K, committed 5120K, reserved 1048576K

Heap Regions: E=young(eden), S=young(survivor), O=old, HS=humongous(starts), HC=humongous(continues), CS=collection set, F=free, TAMS=top-at-mark-start, PB=parsable bottom
|   0|0x00000000c4200000, 0x00000000c4300000, 0x00000000c4300000|100%|HS|  |TAMS 0x00000000c4300000| PB 0x00000000c4200000| Complete 
|   1|0x00000000c4300000, 0x00000000c4400000, 0x00000000c4400000|100%|HS|  |TAMS 0x00000000c4400000| PB 0x00000000c4300000| Complete 
|   2|0x00000000c4400000, 0x00000000c4500000, 0x00000000c4500000|100%| O|  |TAMS 0x00000000c4500000| PB 0x00000000c4400000| Untracked 
|   3|0x00000000c4500000, 0x00000000c4600000, 0x00000000c4600000|100%| O|  |TAMS 0x00000000c4600000| PB 0x00000000c4500000| Untracked 
|   4|0x00000000c4600000, 0x00000000c4700000, 0x00000000c4700000|100%| O|  |TAMS 0x00000000c4700000| PB 0x00000000c4600000| Untracked 
|   5|0x00000000c4700000, 0x00000000c4800000, 0x00000000c4800000|100%| O|  |TAMS 0x00000000c4800000| PB 0x00000000c4700000| Untracked 
|   6|0x00000000c4800000, 0x00000000c4900000, 0x00000000c4900000|100%| O|  |TAMS 0x00000000c4900000| PB 0x00000000c4800000| Untracked 
|   7|0x00000000c4900000, 0x00000000c4a00000, 0x00000000c4a00000|100%| O|  |TAMS 0x00000000c4a00000| PB 0x00000000c4900000| Untracked 
|   8|0x00000000c4a00000, 0x00000000c4b00000, 0x00000000c4b00000|100%| O|  |TAMS 0x00000000c4b00000| PB 0x00000000c4a00000| Untracked 
|   9|0x00000000c4b00000, 0x00000000c4c00000, 0x00000000c4c00000|100%| O|  |TAMS 0x00000000c4c00000| PB 0x00000000c4b00000| Untracked 
|  10|0x00000000c4c00000, 0x00000000c4d00000, 0x00000000c4d00000|100%| O|  |TAMS 0x00000000c4d00000| PB 0x00000000c4c00000| Untracked 
|  11|0x00000000c4d00000, 0x00000000c4e00000, 0x00000000c4e00000|100%| O|  |TAMS 0x00000000c4e00000| PB 0x00000000c4d00000| Untracked 
|  12|0x00000000c4e00000, 0x00000000c4f00000, 0x00000000c4f00000|100%| O|  |TAMS 0x00000000c4f00000| PB 0x00000000c4e00000| Untracked 
|  13|0x00000000c4f00000, 0x00000000c5000000, 0x00000000c5000000|100%| O|  |TAMS 0x00000000c5000000| PB 0x00000000c4f00000| Untracked 
|  14|0x00000000c5000000, 0x00000000c5100000, 0x00000000c5100000|100%| O|  |TAMS 0x00000000c5100000| PB 0x00000000c5000000| Untracked 
|  15|0x00000000c5100000, 0x00000000c5200000, 0x00000000c5200000|100%| O|  |TAMS 0x00000000c5200000| PB 0x00000000c5100000| Untracked 
|  16|0x00000000c5200000, 0x00000000c5300000, 0x00000000c5300000|100%| O|  |TAMS 0x00000000c5300000| PB 0x00000000c5200000| Untracked 
|  17|0x00000000c5300000, 0x00000000c5400000, 0x00000000c5400000|100%| O|  |TAMS 0x00000000c5400000| PB 0x00000000c5300000| Untracked 
|  18|0x00000000c5400000, 0x00000000c54e46a8, 0x00000000c5500000| 89%| O|  |TAMS 0x00000000c54e46a8| PB 0x00000000c5400000| Untracked 
|  19|0x00000000c5500000, 0x00000000c5500000, 0x00000000c5600000|  0%| F|  |TAMS 0x00000000c5500000| PB 0x00000000c5500000| Untracked 
|  20|0x00000000c5600000, 0x00000000c5600000, 0x00000000c5700000|  0%| F|  |TAMS 0x00000000c5600000| PB 0x00000000c5600000| Untracked 
|  21|0x00000000c5700000, 0x00000000c5700000, 0x00000000c5800000|  0%| F|  |TAMS 0x00000000c5700000| PB 0x00000000c5700000| Untracked 
|  22|0x00000000c5800000, 0x00000000c5800000, 0x00000000c5900000|  0%| F|  |TAMS 0x00000000c5800000| PB 0x00000000c5800000| Untracked 
|  23|0x00000000c5900000, 0x00000000c5900000, 0x00000000c5a00000|  0%| F|  |TAMS 0x00000000c5900000| PB 0x00000000c5900000| Untracked 
|  24|0x00000000c5a00000, 0x00000000c5a00000, 0x00000000c5b00000|  0%| F|  |TAMS 0x00000000c5a00000| PB 0x00000000c5a00000| Untracked 
|  25|0x00000000c5b00000, 0x00000000c5b00000, 0x00000000c5c00000|  0%| F|  |TAMS 0x00000000c5b00000| PB 0x00000000c5b00000| Untracked 
|  26|0x00000000c5c00000, 0x00000000c5c00000, 0x00000000c5d00000|  0%| F|  |TAMS 0x00000000c5c00000| PB 0x00000000c5c00000| Untracked 
|  27|0x00000000c5d00000, 0x00000000c5d00000, 0x00000000c5e00000|  0%| F|  |TAMS 0x00000000c5d00000| PB 0x00000000c5d00000| Untracked 
|  28|0x00000000c5e00000, 0x00000000c5e00000, 0x00000000c5f00000|  0%| F|  |TAMS 0x00000000c5e00000| PB 0x00000000c5e00000| Untracked 
|  29|0x00000000c5f00000, 0x00000000c5f00000, 0x00000000c6000000|  0%| F|  |TAMS 0x00000000c5f00000| PB 0x00000000c5f00000| Untracked 
|  30|0x00000000c6000000, 0x00000000c6000000, 0x00000000c6100000|  0%| F|  |TAMS 0x00000000c6000000| PB 0x00000000c6000000| Untracked 
|  31|0x00000000c6100000, 0x00000000c6100000, 0x00000000c6200000|  0%| F|  |TAMS 0x00000000c6100000| PB 0x00000000c6100000| Untracked 
|  32|0x00000000c6200000, 0x00000000c6200000, 0x00000000c6300000|  0%| F|  |TAMS 0x00000000c6200000| PB 0x00000000c6200000| Untracked 
|  33|0x00000000c6300000, 0x00000000c6300000, 0x00000000c6400000|  0%| F|  |TAMS 0x00000000c6300000| PB 0x00000000c6300000| Untracked 
|  34|0x00000000c6400000, 0x00000000c6400000, 0x00000000c6500000|  0%| F|  |TAMS 0x00000000c6400000| PB 0x00000000c6400000| Untracked 
|  35|0x00000000c6500000, 0x00000000c6500000, 0x00000000c6600000|  0%| F|  |TAMS 0x00000000c6500000| PB 0x00000000c6500000| Untracked 
|  36|0x00000000c6600000, 0x00000000c66aab30, 0x00000000c6700000| 66%| S|CS|TAMS 0x00000000c6600000| PB 0x00000000c6600000| Complete 
|  37|0x00000000c6700000, 0x00000000c6800000, 0x00000000c6800000|100%| S|CS|TAMS 0x00000000c6700000| PB 0x00000000c6700000| Complete 
|  38|0x00000000c6800000, 0x00000000c6900000, 0x00000000c6900000|100%| S|CS|TAMS 0x00000000c6800000| PB 0x00000000c6800000| Complete 
|  39|0x00000000c6900000, 0x00000000c6900000, 0x00000000c6a00000|  0%| F|  |TAMS 0x00000000c6900000| PB 0x00000000c6900000| Untracked 
|  40|0x00000000c6a00000, 0x00000000c6a00000, 0x00000000c6b00000|  0%| F|  |TAMS 0x00000000c6a00000| PB 0x00000000c6a00000| Untracked 
|  41|0x00000000c6b00000, 0x00000000c6b00000, 0x00000000c6c00000|  0%| F|  |TAMS 0x00000000c6b00000| PB 0x00000000c6b00000| Untracked 
|  42|0x00000000c6c00000, 0x00000000c6c00000, 0x00000000c6d00000|  0%| F|  |TAMS 0x00000000c6c00000| PB 0x00000000c6c00000| Untracked 
|  43|0x00000000c6d00000, 0x00000000c6d00000, 0x00000000c6e00000|  0%| F|  |TAMS 0x00000000c6d00000| PB 0x00000000c6d00000| Untracked 
|  44|0x00000000c6e00000, 0x00000000c6e00000, 0x00000000c6f00000|  0%| F|  |TAMS 0x00000000c6e00000| PB 0x00000000c6e00000| Untracked 
|  45|0x00000000c6f00000, 0x00000000c6f00000, 0x00000000c7000000|  0%| F|  |TAMS 0x00000000c6f00000| PB 0x00000000c6f00000| Untracked 
|  46|0x00000000c7000000, 0x00000000c7000000, 0x00000000c7100000|  0%| F|  |TAMS 0x00000000c7000000| PB 0x00000000c7000000| Untracked 
|  47|0x00000000c7100000, 0x00000000c7100000, 0x00000000c7200000|  0%| F|  |TAMS 0x00000000c7100000| PB 0x00000000c7100000| Untracked 
|  48|0x00000000c7200000, 0x00000000c7200000, 0x00000000c7300000|  0%| F|  |TAMS 0x00000000c7200000| PB 0x00000000c7200000| Untracked 
|  49|0x00000000c7300000, 0x00000000c7300000, 0x00000000c7400000|  0%| F|  |TAMS 0x00000000c7300000| PB 0x00000000c7300000| Untracked 
|  50|0x00000000c7400000, 0x00000000c7400000, 0x00000000c7500000|  0%| F|  |TAMS 0x00000000c7400000| PB 0x00000000c7400000| Untracked 
|  51|0x00000000c7500000, 0x00000000c7500000, 0x00000000c7600000|  0%| F|  |TAMS 0x00000000c7500000| PB 0x00000000c7500000| Untracked 
|  52|0x00000000c7600000, 0x00000000c7600000, 0x00000000c7700000|  0%| F|  |TAMS 0x00000000c7600000| PB 0x00000000c7600000| Untracked 
|  53|0x00000000c7700000, 0x00000000c7700000, 0x00000000c7800000|  0%| F|  |TAMS 0x00000000c7700000| PB 0x00000000c7700000| Untracked 
|  54|0x00000000c7800000, 0x00000000c7800000, 0x00000000c7900000|  0%| F|  |TAMS 0x00000000c7800000| PB 0x00000000c7800000| Untracked 
|  55|0x00000000c7900000, 0x00000000c7900000, 0x00000000c7a00000|  0%| F|  |TAMS 0x00000000c7900000| PB 0x00000000c7900000| Untracked 
|  56|0x00000000c7a00000, 0x00000000c7a00000, 0x00000000c7b00000|  0%| F|  |TAMS 0x00000000c7a00000| PB 0x00000000c7a00000| Untracked 
|  57|0x00000000c7b00000, 0x00000000c7b00000, 0x00000000c7c00000|  0%| F|  |TAMS 0x00000000c7b00000| PB 0x00000000c7b00000| Untracked 
|  58|0x00000000c7c00000, 0x00000000c7c00000, 0x00000000c7d00000|  0%| F|  |TAMS 0x00000000c7c00000| PB 0x00000000c7c00000| Untracked 
|  59|0x00000000c7d00000, 0x00000000c7d00000, 0x00000000c7e00000|  0%| F|  |TAMS 0x00000000c7d00000| PB 0x00000000c7d00000| Untracked 

Card table byte_map: [0x0000024b96b40000,0x0000024b96d20000] _byte_map_base: 0x0000024b9651f000

Marking Bits: (CMBitMap*) 0x0000024b96da2a30
 Bits: [0x0000024b9d6f0000, 0x0000024b9e5e8000)

Polling page: 0x0000024b94ad0000

Metaspace:

Usage:
  Non-class:     29.91 MB used.
      Class:      4.79 MB used.
       Both:     34.70 MB used.

Virtual space:
  Non-class space:       64.00 MB reserved,      30.25 MB ( 47%) committed,  1 nodes.
      Class space:        1.00 GB reserved,       5.00 MB ( <1%) committed,  1 nodes.
             Both:        1.06 GB reserved,      35.25 MB (  3%) committed. 

Chunk freelists:
   Non-Class:  1.80 MB
       Class:  11.00 MB
        Both:  12.80 MB

MaxMetaspaceSize: unlimited
CompressedClassSpaceSize: 1.00 GB
Initial GC threshold: 21.00 MB
Current GC threshold: 35.25 MB
CDS: on
 - commit_granule_bytes: 65536.
 - commit_granule_words: 8192.
 - virtual_space_node_default_size: 8388608.
 - enlarge_chunks_in_place: 1.
 - use_allocation_guard: 0.


Internal statistics:

num_allocs_failed_limit: 6.
num_arena_births: 790.
num_arena_deaths: 0.
num_vsnodes_births: 2.
num_vsnodes_deaths: 0.
num_space_committed: 564.
num_space_uncommitted: 0.
num_chunks_returned_to_freelist: 6.
num_chunks_taken_from_freelist: 2027.
num_chunk_merges: 6.
num_chunk_splits: 1412.
num_chunks_enlarged: 1034.
num_inconsistent_stats: 0.

CodeCache: size=49152Kb used=8144Kb max_used=8144Kb free=41007Kb
 bounds [0x0000024b9a6f0000, 0x0000024b9aef0000, 0x0000024b9d6f0000]
 total_blobs=4833 nmethods=4270 adapters=486
 compilation: enabled
              stopped_count=0, restarted_count=0
 full_count=0

Compilation events (20 events):
Event: 6.504 Thread 0x0000024ba0ba66c0 4261       1       java.nio.MappedByteBuffer::limit (8 bytes)
Event: 6.504 Thread 0x0000024ba0ba66c0 nmethod 4261 0x0000024b9aeda310 code [0x0000024b9aeda4c0, 0x0000024b9aeda5b8]
Event: 6.530 Thread 0x0000024ba0ba66c0 4262       1       java.util.zip.Inflater::inflate (9 bytes)
Event: 6.530 Thread 0x0000024ba0ba66c0 nmethod 4262 0x0000024b9aee0c90 code [0x0000024b9aee0e40, 0x0000024b9aee0f38]
Event: 6.606 Thread 0x0000024ba0ba66c0 4263       1       jdk.internal.loader.BuiltinClassLoader::findResources (182 bytes)
Event: 6.608 Thread 0x0000024ba0ba66c0 nmethod 4263 0x0000024b9aee1010 code [0x0000024b9aee12e0, 0x0000024b9aee1e10]
Event: 6.608 Thread 0x0000024ba0ba66c0 4264       1       jdk.internal.loader.BuiltinClassLoader::findResourcesOnClassPath (43 bytes)
Event: 6.609 Thread 0x0000024ba0ba66c0 nmethod 4264 0x0000024b9aee2590 code [0x0000024b9aee2740, 0x0000024b9aee2980]
Event: 6.609 Thread 0x0000024ba0ba66c0 4265       1       jdk.internal.loader.BuiltinClassLoader$1::<init> (28 bytes)
Event: 6.609 Thread 0x0000024ba0ba66c0 nmethod 4265 0x0000024b9aee2a90 code [0x0000024b9aee2c40, 0x0000024b9aee2e50]
Event: 6.641 Thread 0x0000024ba0ba66c0 4266       1       jdk.internal.misc.VM::initLevel (4 bytes)
Event: 6.642 Thread 0x0000024ba0ba66c0 nmethod 4266 0x0000024b9aee2f10 code [0x0000024b9aee30a0, 0x0000024b9aee3158]
Event: 6.724 Thread 0x0000024ba0ba66c0 4267       1       java.lang.reflect.Method::getMethodAccessor (5 bytes)
Event: 6.724 Thread 0x0000024ba0ba66c0 nmethod 4267 0x0000024b9aee3210 code [0x0000024b9aee33a0, 0x0000024b9aee3468]
Event: 6.724 Thread 0x0000024ba0ba66c0 4268       1       java.lang.reflect.Method::setMethodAccessor (20 bytes)
Event: 6.725 Thread 0x0000024ba0ba66c0 nmethod 4268 0x0000024b9aee3510 code [0x0000024b9aee36c0, 0x0000024b9aee3880]
Event: 6.725 Thread 0x0000024ba0ba66c0 4269       1       java.util.ImmutableCollections$List12::isEmpty (2 bytes)
Event: 6.725 Thread 0x0000024ba0ba66c0 nmethod 4269 0x0000024b9aee3990 code [0x0000024b9aee3b20, 0x0000024b9aee3be8]
Event: 6.731 Thread 0x0000024ba0ba66c0 4270   !   1       jdk.proxy1.$Proxy0::annotationType (29 bytes)
Event: 6.731 Thread 0x0000024ba0ba66c0 nmethod 4270 0x0000024b9aee3c90 code [0x0000024b9aee3e60, 0x0000024b9aee4090]

GC Heap History (17 events):
Event: 1.180 GC heap before
{Heap before GC invocations=0 (full 0):
 garbage-first heap   total 61440K, used 14336K [0x00000000c4200000, 0x0000000100000000)
  region size 1024K, 13 young (13312K), 0 survivors (0K)
 Metaspace       used 3799K, committed 3968K, reserved 1114112K
  class space    used 451K, committed 512K, reserved 1048576K
}
Event: 1.190 GC heap after
{Heap after GC invocations=1 (full 0):
 garbage-first heap   total 61440K, used 6990K [0x00000000c4200000, 0x0000000100000000)
  region size 1024K, 2 young (2048K), 2 survivors (2048K)
 Metaspace       used 3799K, committed 3968K, reserved 1114112K
  class space    used 451K, committed 512K, reserved 1048576K
}
Event: 1.764 GC heap before
{Heap before GC invocations=1 (full 0):
 garbage-first heap   total 61440K, used 21326K [0x00000000c4200000, 0x0000000100000000)
  region size 1024K, 16 young (16384K), 2 survivors (2048K)
 Metaspace       used 8099K, committed 8384K, reserved 1114112K
  class space    used 1008K, committed 1152K, reserved 1048576K
}
Event: 1.771 GC heap after
{Heap after GC invocations=2 (full 0):
 garbage-first heap   total 61440K, used 8931K [0x00000000c4200000, 0x0000000100000000)
  region size 1024K, 2 young (2048K), 2 survivors (2048K)
 Metaspace       used 8099K, committed 8384K, reserved 1114112K
  class space    used 1008K, committed 1152K, reserved 1048576K
}
Event: 2.539 GC heap before
{Heap before GC invocations=2 (full 0):
 garbage-first heap   total 61440K, used 33507K [0x00000000c4200000, 0x0000000100000000)
  region size 1024K, 27 young (27648K), 2 survivors (2048K)
 Metaspace       used 13999K, committed 14336K, reserved 1114112K
  class space    used 1853K, committed 2048K, reserved 1048576K
}
Event: 2.545 GC heap after
{Heap after GC invocations=3 (full 0):
 garbage-first heap   total 61440K, used 10808K [0x00000000c4200000, 0x0000000100000000)
  region size 1024K, 4 young (4096K), 4 survivors (4096K)
 Metaspace       used 13999K, committed 14336K, reserved 1114112K
  class space    used 1853K, committed 2048K, reserved 1048576K
}
Event: 3.215 GC heap before
{Heap before GC invocations=3 (full 0):
 garbage-first heap   total 61440K, used 42552K [0x00000000c4200000, 0x0000000100000000)
  region size 1024K, 36 young (36864K), 4 survivors (4096K)
 Metaspace       used 20443K, committed 20864K, reserved 1114112K
  class space    used 2681K, committed 2880K, reserved 1048576K
}
Event: 3.228 GC heap after
{Heap after GC invocations=4 (full 0):
 garbage-first heap   total 61440K, used 14099K [0x00000000c4200000, 0x0000000100000000)
  region size 1024K, 5 young (5120K), 5 survivors (5120K)
 Metaspace       used 20443K, committed 20864K, reserved 1114112K
  class space    used 2681K, committed 2880K, reserved 1048576K
}
Event: 3.482 GC heap before
{Heap before GC invocations=4 (full 0):
 garbage-first heap   total 61440K, used 22291K [0x00000000c4200000, 0x0000000100000000)
  region size 1024K, 14 young (14336K), 5 survivors (5120K)
 Metaspace       used 21165K, committed 21504K, reserved 1114112K
  class space    used 2789K, committed 2944K, reserved 1048576K
}
Event: 3.490 GC heap after
{Heap after GC invocations=5 (full 0):
 garbage-first heap   total 61440K, used 15347K [0x00000000c4200000, 0x0000000100000000)
  region size 1024K, 2 young (2048K), 2 survivors (2048K)
 Metaspace       used 21165K, committed 21504K, reserved 1114112K
  class space    used 2789K, committed 2944K, reserved 1048576K
}
Event: 4.482 GC heap before
{Heap before GC invocations=6 (full 0):
 garbage-first heap   total 55296K, used 46067K [0x00000000c4200000, 0x0000000100000000)
  region size 1024K, 32 young (32768K), 2 survivors (2048K)
 Metaspace       used 24227K, committed 24640K, reserved 1114112K
  class space    used 3268K, committed 3456K, reserved 1048576K
}
Event: 4.487 GC heap after
{Heap after GC invocations=7 (full 0):
 garbage-first heap   total 55296K, used 17565K [0x00000000c4200000, 0x0000000100000000)
  region size 1024K, 4 young (4096K), 4 survivors (4096K)
 Metaspace       used 24227K, committed 24640K, reserved 1114112K
  class space    used 3268K, committed 3456K, reserved 1048576K
}
Event: 5.280 GC heap before
{Heap before GC invocations=7 (full 0):
 garbage-first heap   total 55296K, used 44189K [0x00000000c4200000, 0x0000000100000000)
  region size 1024K, 30 young (30720K), 4 survivors (4096K)
 Metaspace       used 28143K, committed 28736K, reserved 1114112K
  class space    used 3903K, committed 4160K, reserved 1048576K
}
Event: 5.293 GC heap after
{Heap after GC invocations=8 (full 0):
 garbage-first heap   total 55296K, used 19673K [0x00000000c4200000, 0x0000000100000000)
  region size 1024K, 3 young (3072K), 3 survivors (3072K)
 Metaspace       used 28143K, committed 28736K, reserved 1114112K
  class space    used 3903K, committed 4160K, reserved 1048576K
}
Event: 6.157 GC heap before
{Heap before GC invocations=8 (full 0):
 garbage-first heap   total 55296K, used 44249K [0x00000000c4200000, 0x0000000100000000)
  region size 1024K, 28 young (28672K), 3 survivors (3072K)
 Metaspace       used 31619K, committed 32192K, reserved 1114112K
  class space    used 4313K, committed 4544K, reserved 1048576K
}
Event: 6.171 GC heap after
{Heap after GC invocations=9 (full 0):
 garbage-first heap   total 55296K, used 21279K [0x00000000c4200000, 0x0000000100000000)
  region size 1024K, 2 young (2048K), 2 survivors (2048K)
 Metaspace       used 31619K, committed 32192K, reserved 1114112K
  class space    used 4313K, committed 4544K, reserved 1048576K
}
Event: 6.751 GC heap before
{Heap before GC invocations=9 (full 0):
 garbage-first heap   total 55296K, used 34591K [0x00000000c4200000, 0x0000000100000000)
  region size 1024K, 17 young (17408K), 2 survivors (2048K)
 Metaspace       used 35532K, committed 36096K, reserved 1114112K
  class space    used 4908K, committed 5120K, reserved 1048576K
}

Dll operation events (11 events):
Event: 0.017 Loaded shared library C:\Program Files\sts-4.29.1.RELEASE\plugins\org.eclipse.justj.openjdk.hotspot.jre.full.win32.x86_64_21.0.6.v20250130-0529\jre\bin\java.dll
Event: 0.067 Loaded shared library C:\Program Files\sts-4.29.1.RELEASE\plugins\org.eclipse.justj.openjdk.hotspot.jre.full.win32.x86_64_21.0.6.v20250130-0529\jre\bin\zip.dll
Event: 0.407 Loaded shared library C:\Program Files\sts-4.29.1.RELEASE\plugins\org.eclipse.justj.openjdk.hotspot.jre.full.win32.x86_64_21.0.6.v20250130-0529\jre\bin\jimage.dll
Event: 0.430 Loaded shared library C:\Program Files\sts-4.29.1.RELEASE\plugins\org.eclipse.justj.openjdk.hotspot.jre.full.win32.x86_64_21.0.6.v20250130-0529\jre\bin\net.dll
Event: 0.439 Loaded shared library C:\Program Files\sts-4.29.1.RELEASE\plugins\org.eclipse.justj.openjdk.hotspot.jre.full.win32.x86_64_21.0.6.v20250130-0529\jre\bin\nio.dll
Event: 0.443 Loaded shared library C:\Program Files\sts-4.29.1.RELEASE\plugins\org.eclipse.justj.openjdk.hotspot.jre.full.win32.x86_64_21.0.6.v20250130-0529\jre\bin\zip.dll
Event: 0.599 Loaded shared library C:\Program Files\sts-4.29.1.RELEASE\plugins\org.eclipse.justj.openjdk.hotspot.jre.full.win32.x86_64_21.0.6.v20250130-0529\jre\bin\management.dll
Event: 0.668 Loaded shared library C:\Program Files\sts-4.29.1.RELEASE\plugins\org.eclipse.justj.openjdk.hotspot.jre.full.win32.x86_64_21.0.6.v20250130-0529\jre\bin\management_ext.dll
Event: 1.236 Loaded shared library C:\Program Files\sts-4.29.1.RELEASE\plugins\org.eclipse.justj.openjdk.hotspot.jre.full.win32.x86_64_21.0.6.v20250130-0529\jre\bin\extnet.dll
Event: 3.096 Loaded shared library C:\Program Files\sts-4.29.1.RELEASE\plugins\org.eclipse.justj.openjdk.hotspot.jre.full.win32.x86_64_21.0.6.v20250130-0529\jre\bin\sunmscapi.dll
Event: 6.727 Loaded shared library C:\Program Files\sts-4.29.1.RELEASE\plugins\org.eclipse.justj.openjdk.hotspot.jre.full.win32.x86_64_21.0.6.v20250130-0529\jre\bin\verify.dll

Deoptimization events (2 events):
Event: 4.932 Thread 0x0000024be69e0970 DEOPT PACKING pc=0x0000024b9ad6a18c sp=0x000000764d5f8d60
Event: 4.932 Thread 0x0000024be69e0970 DEOPT UNPACKING pc=0x0000024b9a7488e2 sp=0x000000764d5f8220 mode 0

Classes loaded (20 events):
Event: 6.277 Loading class java/lang/invoke/DirectMethodHandle$Special
Event: 6.277 Loading class java/lang/invoke/DirectMethodHandle$Special done
Event: 6.631 Loading class javax/xml/stream/XMLStreamException
Event: 6.631 Loading class javax/xml/stream/XMLStreamException done
Event: 6.631 Loading class javax/xml/stream/XMLEventReader
Event: 6.632 Loading class javax/xml/stream/XMLEventReader done
Event: 6.632 Loading class javax/xml/stream/XMLResolver
Event: 6.632 Loading class javax/xml/stream/XMLResolver done
Event: 6.637 Loading class javax/xml/stream/XMLEventFactory
Event: 6.638 Loading class javax/xml/stream/XMLEventFactory done
Event: 6.638 Loading class javax/xml/stream/FactoryFinder
Event: 6.638 Loading class javax/xml/stream/FactoryFinder done
Event: 6.638 Loading class javax/xml/stream/FactoryFinder$1
Event: 6.638 Loading class javax/xml/stream/FactoryFinder$1 done
Event: 6.639 Loading class com/sun/xml/internal/stream/events/XMLEventFactoryImpl
Event: 6.640 Loading class com/sun/xml/internal/stream/events/XMLEventFactoryImpl done
Event: 6.680 Loading class java/lang/Process
Event: 6.681 Loading class java/lang/Process done
Event: 6.692 Loading class java/lang/reflect/GenericSignatureFormatError
Event: 6.692 Loading class java/lang/reflect/GenericSignatureFormatError done

Classes unloaded (0 events):
No events

Classes redefined (0 events):
No events

Internal exceptions (20 events):
Event: 4.790 Thread 0x0000024be69e0970 Exception <a 'java/lang/NoSuchMethodError'{0x00000000c6c17ed0}: 'void java.lang.invoke.DelegatingMethodHandle$Holder.reinvoke_L(java.lang.Object, java.lang.Object, int)'> (0x00000000c6c17ed0) 
thrown [s\src\hotspot\share\interpreter\linkResolver.cpp, line 773]
Event: 5.003 Thread 0x0000024be69e0970 Exception <a 'java/lang/NoSuchMethodError'{0x00000000c671f210}: 'java.lang.Object java.lang.invoke.DirectMethodHandle$Holder.invokeSpecialIFC(java.lang.Object, java.lang.Object, java.lang.Object)'> (0x00000000c671f210) 
thrown [s\src\hotspot\share\interpreter\linkResolver.cpp, line 773]
Event: 5.016 Thread 0x0000024be69e0970 Exception <a 'java/lang/NoSuchMethodError'{0x00000000c677f6c0}: 'java.lang.Object java.lang.invoke.DirectMethodHandle$Holder.invokeVirtual(java.lang.Object, java.lang.Object, java.lang.Object, java.lang.Object, java.lang.Object)'> (0x00000000c677f6c0) 
thrown [s\src\hotspot\share\interpreter\linkResolver.cpp, line 773]
Event: 5.113 Thread 0x0000024be69e0970 Exception <a 'java/lang/NoSuchMethodError'{0x00000000c6311a90}: 'java.lang.Object java.lang.invoke.DirectMethodHandle$Holder.invokeVirtual(java.lang.Object, java.lang.Object, java.lang.Object, java.lang.Object, java.lang.Object, java.lang.Object)'> (0x00000000c6311a90) 
thrown [s\src\hotspot\share\interpreter\linkResolver.cpp, line 773]
Event: 5.162 Thread 0x0000024be69e0970 Exception <a 'java/lang/NoSuchMethodError'{0x00000000c62b3a88}: 'void java.lang.invoke.DirectMethodHandle$Holder.invokeInterface(java.lang.Object, java.lang.Object, int)'> (0x00000000c62b3a88) 
thrown [s\src\hotspot\share\interpreter\linkResolver.cpp, line 773]
Event: 5.168 Thread 0x0000024be69e0970 Exception <a 'java/lang/IncompatibleClassChangeError'{0x00000000c62f70e0}: Found class java.lang.Object, but interface was expected> (0x00000000c62f70e0) 
thrown [s\src\hotspot\share\interpreter\linkResolver.cpp, line 840]
Event: 5.170 Thread 0x0000024be69e0970 Exception <a 'java/lang/NoSuchMethodError'{0x00000000c6116058}: 'void java.lang.invoke.DirectMethodHandle$Holder.invokeStatic(java.lang.Object, int, java.lang.Object)'> (0x00000000c6116058) 
thrown [s\src\hotspot\share\interpreter\linkResolver.cpp, line 773]
Event: 5.205 Thread 0x0000024be69e0970 Exception <a 'java/lang/NoSuchMethodError'{0x00000000c61bab88}: 'void java.lang.invoke.DirectMethodHandle$Holder.invokeStatic(java.lang.Object, java.lang.Object, java.lang.Object, int, java.lang.Object)'> (0x00000000c61bab88) 
thrown [s\src\hotspot\share\interpreter\linkResolver.cpp, line 773]
Event: 5.206 Thread 0x0000024be69e0970 Exception <a 'java/lang/NoSuchMethodError'{0x00000000c61c14a8}: 'java.lang.Object java.lang.invoke.DirectMethodHandle$Holder.newInvokeSpecial(java.lang.Object, java.lang.Object, java.lang.Object, int)'> (0x00000000c61c14a8) 
thrown [s\src\hotspot\share\interpreter\linkResolver.cpp, line 773]
Event: 5.206 Thread 0x0000024be69e0970 Exception <a 'java/lang/NoSuchMethodError'{0x00000000c61c5338}: 'java.lang.Object java.lang.invoke.DirectMethodHandle$Holder.invokeSpecial(java.lang.Object, java.lang.Object, java.lang.Object, java.lang.Object, int)'> (0x00000000c61c5338) 
thrown [s\src\hotspot\share\interpreter\linkResolver.cpp, line 773]
Event: 5.206 Thread 0x0000024be69e0970 Exception <a 'java/lang/NoSuchMethodError'{0x00000000c61c87e0}: 'java.lang.Object java.lang.invoke.Invokers$Holder.linkToTargetMethod(java.lang.Object, java.lang.Object, int, java.lang.Object)'> (0x00000000c61c87e0) 
thrown [s\src\hotspot\share\interpreter\linkResolver.cpp, line 773]
Event: 5.592 Thread 0x0000024be69e0970 Exception <a 'java/lang/NoSuchMethodError'{0x00000000c6e68778}: 'int java.lang.invoke.DirectMethodHandle$Holder.invokeVirtual(java.lang.Object, java.lang.Object, java.lang.Object, java.lang.Object)'> (0x00000000c6e68778) 
thrown [s\src\hotspot\share\interpreter\linkResolver.cpp, line 773]
Event: 5.593 Thread 0x0000024be69e0970 Exception <a 'java/lang/NoSuchMethodError'{0x00000000c6e6c270}: 'int java.lang.invoke.DelegatingMethodHandle$Holder.reinvoke_L(java.lang.Object, java.lang.Object, java.lang.Object, java.lang.Object)'> (0x00000000c6e6c270) 
thrown [s\src\hotspot\share\interpreter\linkResolver.cpp, line 773]
Event: 5.672 Thread 0x0000024be69e0970 Exception <a 'java/io/FileNotFoundException'{0x00000000c6d745a0}> (0x00000000c6d745a0) 
thrown [s\src\hotspot\share\prims\jni.cpp, line 520]
Event: 5.784 Thread 0x0000024be69e0970 Exception <a 'java/lang/NoSuchMethodError'{0x00000000c6ba8230}: 'int java.lang.invoke.DirectMethodHandle$Holder.invokeInterface(java.lang.Object, java.lang.Object, java.lang.Object, java.lang.Object)'> (0x00000000c6ba8230) 
thrown [s\src\hotspot\share\interpreter\linkResolver.cpp, line 773]
Event: 5.830 Thread 0x0000024be69e0970 Exception <a 'java/lang/NoSuchMethodError'{0x00000000c6ad9ef8}: 'void java.lang.invoke.Invokers$Holder.invokeExact_MT(java.lang.Object, java.lang.Object, java.lang.Object, java.lang.Object)'> (0x00000000c6ad9ef8) 
thrown [s\src\hotspot\share\interpreter\linkResolver.cpp, line 773]
Event: 5.832 Thread 0x0000024be69e0970 Exception <a 'java/lang/NoSuchMethodError'{0x00000000c6ae0b50}: 'long java.lang.invoke.DelegatingMethodHandle$Holder.reinvoke_L(java.lang.Object, java.lang.Object)'> (0x00000000c6ae0b50) 
thrown [s\src\hotspot\share\interpreter\linkResolver.cpp, line 773]
Event: 5.833 Thread 0x0000024be69e0970 Exception <a 'java/lang/NoSuchMethodError'{0x00000000c6aeac48}: 'void java.lang.invoke.DelegatingMethodHandle$Holder.reinvoke_L(java.lang.Object, java.lang.Object, long)'> (0x00000000c6aeac48) 
thrown [s\src\hotspot\share\interpreter\linkResolver.cpp, line 773]
Event: 6.006 Thread 0x0000024be69e0970 Exception <a 'java/lang/NoSuchMethodError'{0x00000000c6360af8}: 'java.lang.Object java.lang.invoke.DirectMethodHandle$Holder.newInvokeSpecial(java.lang.Object, java.lang.Object, java.lang.Object, java.lang.Object, java.lang.Object, java.lang.Object, java.lang.Object, java.lang.Object, java.lang.Object, java.lang.Object, java.lang.Object)'> (0x00000000c6360af8) 
thrown [s\src\hotspot\share\interpreter\linkResolver.cpp, line 773]
Event: 6.125 Thread 0x0000024be69e0970 Exception <a 'java/lang/NoSuchMethodError'{0x00000000c5f68c98}: 'void java.lang.invoke.DelegatingMethodHandle$Holder.reinvoke_L(java.lang.Object, java.lang.Object, java.lang.Object, java.lang.Object, int, java.lang.Object, java.lang.Object, java.lang.Object)'> (0x00000000c5f68c98) 
thrown [s\src\hotspot\share\interpreter\linkResolver.cpp, line 773]

ZGC Phase Switch (0 events):
No events

VM Operations (20 events):
Event: 4.487 Executing VM operation: G1CollectForAllocation (G1 Evacuation Pause) done
Event: 4.592 Executing VM operation: HandshakeAllThreads (Deoptimize)
Event: 4.592 Executing VM operation: HandshakeAllThreads (Deoptimize) done
Event: 4.596 Executing VM operation: HandshakeAllThreads (Deoptimize)
Event: 4.596 Executing VM operation: HandshakeAllThreads (Deoptimize) done
Event: 4.807 Executing VM operation: HandshakeAllThreads (Deoptimize)
Event: 4.807 Executing VM operation: HandshakeAllThreads (Deoptimize) done
Event: 4.926 Executing VM operation: HandshakeAllThreads (Deoptimize)
Event: 4.926 Executing VM operation: HandshakeAllThreads (Deoptimize) done
Event: 4.930 Executing VM operation: HandshakeAllThreads (Deoptimize)
Event: 4.931 Executing VM operation: HandshakeAllThreads (Deoptimize) done
Event: 5.280 Executing VM operation: G1CollectForAllocation (G1 Evacuation Pause)
Event: 5.293 Executing VM operation: G1CollectForAllocation (G1 Evacuation Pause) done
Event: 5.757 Executing VM operation: HandshakeAllThreads (Deoptimize)
Event: 5.757 Executing VM operation: HandshakeAllThreads (Deoptimize) done
Event: 6.156 Executing VM operation: G1CollectForAllocation (G1 Evacuation Pause)
Event: 6.171 Executing VM operation: G1CollectForAllocation (G1 Evacuation Pause) done
Event: 6.231 Executing VM operation: HandshakeAllThreads (Deoptimize)
Event: 6.231 Executing VM operation: HandshakeAllThreads (Deoptimize) done
Event: 6.751 Executing VM operation: CollectForMetadataAllocation (Metadata GC Threshold)

Memory protections (0 events):
No events

Nmethod flushes (0 events):
No events

Events (20 events):
Event: 0.070 Thread 0x0000024b96d68f80 Thread added: 0x0000024ba0b93c20
Event: 0.070 Thread 0x0000024b96d68f80 Thread added: 0x0000024ba0b94e10
Event: 0.070 Thread 0x0000024b96d68f80 Thread added: 0x0000024ba0b9c170
Event: 0.070 Thread 0x0000024b96d68f80 Thread added: 0x0000024ba0ba66c0
Event: 0.250 Thread 0x0000024b96d68f80 Thread added: 0x0000024ba0c2fd80
Event: 0.358 Thread 0x0000024b96d68f80 Thread added: 0x0000024be6080890
Event: 1.242 Thread 0x0000024b96d68f80 Thread added: 0x0000024be6543980
Event: 1.273 Thread 0x0000024b96d68f80 Thread added: 0x0000024be658be20
Event: 1.303 Thread 0x0000024b96d68f80 Thread added: 0x0000024be658eb50
Event: 1.543 Thread 0x0000024be658be20 Thread added: 0x0000024be6678830
Event: 1.580 Thread 0x0000024be6678830 Thread added: 0x0000024be6685710
Event: 1.610 Thread 0x0000024be6543980 Thread added: 0x0000024be6684be0
Event: 1.647 Thread 0x0000024be6684be0 Thread added: 0x0000024be66fc2f0
Event: 1.781 Thread 0x0000024b96d68f80 Thread added: 0x0000024be69def30
Event: 1.784 Thread 0x0000024be69def30 Thread added: 0x0000024be69e0970
Event: 2.377 Thread 0x0000024be69e0970 Thread added: 0x0000024be69df5c0
Event: 3.132 Thread 0x0000024be69df5c0 Thread exited: 0x0000024be69df5c0
Event: 3.141 Thread 0x0000024be69e0970 Thread added: 0x0000024be69dfc50
Event: 3.249 Thread 0x0000024be69dfc50 Thread exited: 0x0000024be69dfc50
Event: 5.954 Thread 0x0000024be69e0970 Thread added: 0x0000024be69e1000


Dynamic libraries:
0x00007ff68ae60000 - 0x00007ff68ae6e000 	C:\Program Files\sts-4.29.1.RELEASE\plugins\org.eclipse.justj.openjdk.hotspot.jre.full.win32.x86_64_21.0.6.v20250130-0529\jre\bin\javaw.exe
0x00007ff8fa7f0000 - 0x00007ff8faa07000 	C:\WINDOWS\SYSTEM32\ntdll.dll
0x00007ff8f94e0000 - 0x00007ff8f95a4000 	C:\WINDOWS\System32\KERNEL32.DLL
0x00007ff8f7ab0000 - 0x00007ff8f7e6a000 	C:\WINDOWS\System32\KERNELBASE.dll
0x00007ff8f8320000 - 0x00007ff8f8431000 	C:\WINDOWS\System32\ucrtbase.dll
0x00007ff8e54f0000 - 0x00007ff8e5508000 	C:\Program Files\sts-4.29.1.RELEASE\plugins\org.eclipse.justj.openjdk.hotspot.jre.full.win32.x86_64_21.0.6.v20250130-0529\jre\bin\jli.dll
0x00007ff8e5b20000 - 0x00007ff8e5b3e000 	C:\Program Files\sts-4.29.1.RELEASE\plugins\org.eclipse.justj.openjdk.hotspot.jre.full.win32.x86_64_21.0.6.v20250130-0529\jre\bin\VCRUNTIME140.dll
0x00007ff8f84e0000 - 0x00007ff8f868e000 	C:\WINDOWS\System32\USER32.dll
0x00007ff8f8100000 - 0x00007ff8f8126000 	C:\WINDOWS\System32\win32u.dll
0x00007ff8f8ad0000 - 0x00007ff8f8af9000 	C:\WINDOWS\System32\GDI32.dll
0x00007ff8f7ea0000 - 0x00007ff8f7fbb000 	C:\WINDOWS\System32\gdi32full.dll
0x00007ff8e2e70000 - 0x00007ff8e3102000 	C:\WINDOWS\WinSxS\amd64_microsoft.windows.common-controls_6595b64144ccf1df_6.0.22621.4541_none_2710d1c57384c085\COMCTL32.dll
0x00007ff8f8440000 - 0x00007ff8f84da000 	C:\WINDOWS\System32\msvcp_win.dll
0x00007ff8f9e30000 - 0x00007ff8f9ed7000 	C:\WINDOWS\System32\msvcrt.dll
0x00007ff8f8890000 - 0x00007ff8f88c1000 	C:\WINDOWS\System32\IMM32.DLL
0x00007ff8e5b10000 - 0x00007ff8e5b1c000 	C:\Program Files\sts-4.29.1.RELEASE\plugins\org.eclipse.justj.openjdk.hotspot.jre.full.win32.x86_64_21.0.6.v20250130-0529\jre\bin\vcruntime140_1.dll
0x00007ff8b01d0000 - 0x00007ff8b025d000 	C:\Program Files\sts-4.29.1.RELEASE\plugins\org.eclipse.justj.openjdk.hotspot.jre.full.win32.x86_64_21.0.6.v20250130-0529\jre\bin\msvcp140.dll
0x00007ff887020000 - 0x00007ff887db0000 	C:\Program Files\sts-4.29.1.RELEASE\plugins\org.eclipse.justj.openjdk.hotspot.jre.full.win32.x86_64_21.0.6.v20250130-0529\jre\bin\server\jvm.dll
0x00007ff8fa6d0000 - 0x00007ff8fa782000 	C:\WINDOWS\System32\ADVAPI32.dll
0x00007ff8f8bb0000 - 0x00007ff8f8c57000 	C:\WINDOWS\System32\sechost.dll
0x00007ff8f7e70000 - 0x00007ff8f7e98000 	C:\WINDOWS\System32\bcrypt.dll
0x00007ff8f95c0000 - 0x00007ff8f96d4000 	C:\WINDOWS\System32\RPCRT4.dll
0x00007ff8fa140000 - 0x00007ff8fa1b1000 	C:\WINDOWS\System32\WS2_32.dll
0x00007ff8f7980000 - 0x00007ff8f79cd000 	C:\WINDOWS\SYSTEM32\POWRPROF.dll
0x00007ff8ee320000 - 0x00007ff8ee354000 	C:\WINDOWS\SYSTEM32\WINMM.dll
0x00007ff8e88f0000 - 0x00007ff8e88fa000 	C:\WINDOWS\SYSTEM32\VERSION.dll
0x00007ff8f78b0000 - 0x00007ff8f78c3000 	C:\WINDOWS\SYSTEM32\UMPDC.dll
0x00007ff8f6af0000 - 0x00007ff8f6b08000 	C:\WINDOWS\SYSTEM32\kernel.appcore.dll
0x00007ff8f3e50000 - 0x00007ff8f3e5a000 	C:\Program Files\sts-4.29.1.RELEASE\plugins\org.eclipse.justj.openjdk.hotspot.jre.full.win32.x86_64_21.0.6.v20250130-0529\jre\bin\jimage.dll
0x00007ff8f5610000 - 0x00007ff8f5842000 	C:\WINDOWS\SYSTEM32\DBGHELP.DLL
0x00007ff8f9a90000 - 0x00007ff8f9e21000 	C:\WINDOWS\System32\combase.dll
0x00007ff8f99b0000 - 0x00007ff8f9a87000 	C:\WINDOWS\System32\OLEAUT32.dll
0x00007ff8d27f0000 - 0x00007ff8d2822000 	C:\WINDOWS\SYSTEM32\dbgcore.DLL
0x00007ff8f8080000 - 0x00007ff8f80fb000 	C:\WINDOWS\System32\bcryptPrimitives.dll
0x00007ff8e8f50000 - 0x00007ff8e8f6f000 	C:\Program Files\sts-4.29.1.RELEASE\plugins\org.eclipse.justj.openjdk.hotspot.jre.full.win32.x86_64_21.0.6.v20250130-0529\jre\bin\java.dll
0x00007ff8f8c60000 - 0x00007ff8f94d9000 	C:\WINDOWS\System32\SHELL32.dll
0x00007ff8f5850000 - 0x00007ff8f6159000 	C:\WINDOWS\SYSTEM32\windows.storage.dll
0x00007ff8f54d0000 - 0x00007ff8f560f000 	C:\WINDOWS\SYSTEM32\wintypes.dll
0x00007ff8f96f0000 - 0x00007ff8f97ea000 	C:\WINDOWS\System32\SHCORE.dll
0x00007ff8f9f30000 - 0x00007ff8f9f8e000 	C:\WINDOWS\System32\shlwapi.dll
0x00007ff8f79e0000 - 0x00007ff8f7a0b000 	C:\WINDOWS\SYSTEM32\profapi.dll
0x00007ff8e7ce0000 - 0x00007ff8e7cf8000 	C:\Program Files\sts-4.29.1.RELEASE\plugins\org.eclipse.justj.openjdk.hotspot.jre.full.win32.x86_64_21.0.6.v20250130-0529\jre\bin\zip.dll
0x00007ff8f2950000 - 0x00007ff8f2960000 	C:\Program Files\sts-4.29.1.RELEASE\plugins\org.eclipse.justj.openjdk.hotspot.jre.full.win32.x86_64_21.0.6.v20250130-0529\jre\bin\net.dll
0x00007ff8f0230000 - 0x00007ff8f0366000 	C:\WINDOWS\SYSTEM32\WINHTTP.dll
0x00007ff8f6f70000 - 0x00007ff8f6fd9000 	C:\WINDOWS\system32\mswsock.dll
0x00007ff8e60e0000 - 0x00007ff8e60f6000 	C:\Program Files\sts-4.29.1.RELEASE\plugins\org.eclipse.justj.openjdk.hotspot.jre.full.win32.x86_64_21.0.6.v20250130-0529\jre\bin\nio.dll
0x00007ff8e51e0000 - 0x00007ff8e51ea000 	C:\Program Files\sts-4.29.1.RELEASE\plugins\org.eclipse.justj.openjdk.hotspot.jre.full.win32.x86_64_21.0.6.v20250130-0529\jre\bin\management.dll
0x00007ff8e4e10000 - 0x00007ff8e4e1b000 	C:\Program Files\sts-4.29.1.RELEASE\plugins\org.eclipse.justj.openjdk.hotspot.jre.full.win32.x86_64_21.0.6.v20250130-0529\jre\bin\management_ext.dll
0x00007ff8f87b0000 - 0x00007ff8f87b8000 	C:\WINDOWS\System32\PSAPI.DLL
0x00007ff8d0570000 - 0x00007ff8d0587000 	C:\WINDOWS\system32\napinsp.dll
0x00007ff8d0550000 - 0x00007ff8d056b000 	C:\WINDOWS\system32\pnrpnsp.dll
0x00007ff8f6590000 - 0x00007ff8f6692000 	C:\WINDOWS\SYSTEM32\DNSAPI.dll
0x00007ff8f6560000 - 0x00007ff8f658d000 	C:\WINDOWS\SYSTEM32\IPHLPAPI.DLL
0x00007ff8f95b0000 - 0x00007ff8f95b9000 	C:\WINDOWS\System32\NSI.dll
0x00007ff8d0530000 - 0x00007ff8d0541000 	C:\WINDOWS\System32\winrnr.dll
0x00007ff8d0510000 - 0x00007ff8d0525000 	C:\WINDOWS\system32\wshbth.dll
0x00007ff8d04e0000 - 0x00007ff8d0507000 	C:\WINDOWS\system32\nlansp_c.dll
0x00007ff8e88e0000 - 0x00007ff8e88ea000 	C:\Windows\System32\rasadhlp.dll
0x00007ff8e87d0000 - 0x00007ff8e8853000 	C:\WINDOWS\System32\fwpuclnt.dll
0x00007ff8f71c0000 - 0x00007ff8f71db000 	C:\WINDOWS\SYSTEM32\CRYPTSP.dll
0x00007ff8f6a50000 - 0x00007ff8f6a85000 	C:\WINDOWS\system32\rsaenh.dll
0x00007ff8f7060000 - 0x00007ff8f7088000 	C:\WINDOWS\SYSTEM32\USERENV.dll
0x00007ff8f71e0000 - 0x00007ff8f71ec000 	C:\WINDOWS\SYSTEM32\CRYPTBASE.dll
0x00007ff8e60d0000 - 0x00007ff8e60d9000 	C:\Program Files\sts-4.29.1.RELEASE\plugins\org.eclipse.justj.openjdk.hotspot.jre.full.win32.x86_64_21.0.6.v20250130-0529\jre\bin\extnet.dll
0x00007ff8e6190000 - 0x00007ff8e619e000 	C:\Program Files\sts-4.29.1.RELEASE\plugins\org.eclipse.justj.openjdk.hotspot.jre.full.win32.x86_64_21.0.6.v20250130-0529\jre\bin\sunmscapi.dll
0x00007ff8f81b0000 - 0x00007ff8f8316000 	C:\WINDOWS\System32\CRYPT32.dll
0x00007ff8f7360000 - 0x00007ff8f738d000 	C:\WINDOWS\SYSTEM32\ncrypt.dll
0x00007ff8f7320000 - 0x00007ff8f7357000 	C:\WINDOWS\SYSTEM32\NTASN1.dll
0x00007ff8e7c00000 - 0x00007ff8e7c10000 	C:\Program Files\sts-4.29.1.RELEASE\plugins\org.eclipse.justj.openjdk.hotspot.jre.full.win32.x86_64_21.0.6.v20250130-0529\jre\bin\verify.dll

dbghelp: loaded successfully - version: 4.0.5 - missing functions: none
symbol engine: initialized successfully - sym options: 0x614 - pdb path: .;C:\Program Files\sts-4.29.1.RELEASE\plugins\org.eclipse.justj.openjdk.hotspot.jre.full.win32.x86_64_21.0.6.v20250130-0529\jre\bin;C:\WINDOWS\SYSTEM32;C:\WINDOWS\WinSxS\amd64_microsoft.windows.common-controls_6595b64144ccf1df_6.0.22621.4541_none_2710d1c57384c085;C:\Program Files\sts-4.29.1.RELEASE\plugins\org.eclipse.justj.openjdk.hotspot.jre.full.win32.x86_64_21.0.6.v20250130-0529\jre\bin\server

VM Arguments:
jvm_args: -Dcom.sun.management.jmxremote -Dcom.sun.management.jmxremote.port=57871 -Dcom.sun.management.jmxremote.authenticate=false -Dcom.sun.management.jmxremote.ssl=false -Djava.rmi.server.hostname=localhost -Dspring.jmx.enabled=true -Dmanagement.endpoints.jmx.exposure.include=* -Dspring.application.admin.enabled=true -Dspring.output.ansi.enabled=always -XX:TieredStopAtLevel=1 -Dspring.boot.project.name=myapp -Dfile.encoding=UTF-8 -Dstdout.encoding=UTF-8 -Dstderr.encoding=UTF-8 -XX:+ShowCodeDetailsInExceptionMessages 
java_command: com.wedding.ecommerce.MyappApplication
java_class_path (initial): C:\Users\adithya\Desktop\H1\Wedding website\Wedding-Essentials-E-Commerce-website\backend\myapp\target\classes;C:\Users\adithya\.m2\repository\org\springframework\boot\spring-boot-starter-data-jpa\3.4.4\spring-boot-starter-data-jpa-3.4.4.jar;C:\Users\adithya\.m2\repository\org\springframework\boot\spring-boot-starter\3.4.4\spring-boot-starter-3.4.4.jar;C:\Users\adithya\.m2\repository\org\springframework\boot\spring-boot-starter-logging\3.4.4\spring-boot-starter-logging-3.4.4.jar;C:\Users\adithya\.m2\repository\ch\qos\logback\logback-classic\1.5.18\logback-classic-1.5.18.jar;C:\Users\adithya\.m2\repository\ch\qos\logback\logback-core\1.5.18\logback-core-1.5.18.jar;C:\Users\adithya\.m2\repository\org\apache\logging\log4j\log4j-to-slf4j\2.24.3\log4j-to-slf4j-2.24.3.jar;C:\Users\adithya\.m2\repository\org\apache\logging\log4j\log4j-api\2.24.3\log4j-api-2.24.3.jar;C:\Users\adithya\.m2\repository\org\slf4j\jul-to-slf4j\2.0.17\jul-to-slf4j-2.0.17.jar;C:\Users\adithya\.m2\repository\jakarta\annotation\jakarta.annotation-api\2.1.1\jakarta.annotation-api-2.1.1.jar;C:\Users\adithya\.m2\repository\org\yaml\snakeyaml\2.3\snakeyaml-2.3.jar;C:\Users\adithya\.m2\repository\org\springframework\boot\spring-boot-starter-jdbc\3.4.4\spring-boot-starter-jdbc-3.4.4.jar;C:\Users\adithya\.m2\repository\com\zaxxer\HikariCP\5.1.0\HikariCP-5.1.0.jar;C:\Users\adithya\.m2\repository\org\springframework\spring-jdbc\6.2.5\spring-jdbc-6.2.5.jar;C:\Users\adithya\.m2\repository\org\hibernate\orm\hibernate-core\6.6.11.Final\hibernate-core-6.6.11.Final.jar;C:\Users\adithya\.m2\repository\jakarta\persistence\jakarta.persistence-api\3.1.0\jakarta.persistence-api-3.1.0.jar;C:\Users\adithya\.m2\repository\jakarta\transaction\jakarta.transaction-api\2.0.1\jakarta.transaction-api-2.0.1.jar;C:\Users\adithya\.m2\repository\org\jboss\logging\jboss-logging\3.6.1.Final\jboss-logging-3.6.1.Final.jar;C:\Users\adithya\.m2\repository\org\hibernate\common\hibernate-commons-annotations\7.0.3.Final\hibernate-commons-annotations-7.0.3.Final.jar;C:\Users\adithya\.m2\repository\io\smallrye\jandex\3.2.0\jandex-3.2.0.jar;C:\Users\adithya\.m2\repository\com\fasterxml\classmate\1.7.0\classmate-1.7.0.jar;C:\Users\adithya\.m2\repository\net\bytebuddy\byte-buddy\1.15.11\byte-buddy-1.15.11.jar;C:\Users\adithya\.m2\repository\org\glassfish\jaxb\jaxb-runtime\4.0.5\jaxb-runtime-4.0.5.jar;C:\Users\adithya\.m2\repository\org\glassfish\jaxb\jaxb-core\4.0.5\jaxb-core-4.0.5.jar;C:\Users\adithya\.m2\repository\org\eclipse\angus\angus-activation\2.0.2\angus-activation-2.0.2.jar;C:\Users\adithya\.m2\repository\org\glassfish\jaxb\txw2\4.0.5\txw2-4.0.5.jar;C:\Users\adithya\.m2\repository\com\sun\istack\istack-commons-runtime\4.1.2\istack-commons-runtime-4.1.2.jar;C:\Users\adithya\.m2\repository\jakarta\inject\jakarta.inject-api\2.0.1\jakarta.inject-api-2.0.1.jar;C:\Users\adithya\.m2\repository\org\antlr\antlr4-runtime\4.13.0\antlr4-runtime-4.13.0.jar;C:\Users\adithya\.m2\repository\org\springframework\data\spring-data-jpa\3.4.4\spring-data-jpa-3.4.4.jar;C:\Users\adithya\.m2\repository\org\springframework\data\spring-data-commons\3.4.4\spring-data-commons-3.4.4.jar;C:\Users\adithya\.m2\repository\org\springframework\spring-orm\6.2.5\spring-orm-6.2.5.jar;C:\Users\adithya\.m2\repository\org\springframework\spring-context\6.2.5\spring-context-6.2.5.jar;C:\Users\adithya\.m2\repository\org\springframework\spring-tx\6.2.5\spring-tx-6.2.5.jar;C:\Users\adithya\.m2\repository\org\springframework\spring-beans\6.2.5\spring-beans-6.2.5.jar;C:\Users\adithya\.m2\repository\org\slf4j\slf4j-api\2.0.17\slf4j-api-2.0.17.jar;C:\Users\adithya\.m2\repository\org\springframework\spring-aspects\6.2.5\spring-aspects-6.2.5.jar;C:\Users\adithya\.m2\repository\org\aspectj\aspectjweaver\1.9.23\aspectjweaver-1.9.23.jar;C:\Users\adithya\.m2\repository\org\springframework\boot\spring-boot-starter-security\3.4.4\spring-boot-starter-security-3.4.4.jar;C:\Users\adithya\.m2\repository\org\springframework\spring-aop\6.2.5\spring-aop-6.2.5.jar;C:\Users\adithya\.m2\repository\org\springframework\security\spring-security-config\6.4.4\spring-security-config-6.4.4.jar;C:\Users\adithya\.m2\repository\org\springframework\security\spring-security-web\6.4.4\spring-security-web-6.4.4.jar;C:\Users\adithya\.m2\repository\org\springframework\spring-expression\6.2.5\spring-expression-6.2.5.jar;C:\Users\adithya\.m2\repository\org\springframework\boot\spring-boot-starter-web\3.4.4\spring-boot-starter-web-3.4.4.jar;C:\Users\adithya\.m2\repository\org\springframework\boot\spring-boot-starter-json\3.4.4\spring-boot-starter-json-3.4.4.jar;C:\Users\adithya\.m2\repository\com\fasterxml\jackson\datatype\jackson-datatype-jdk8\2.18.3\jackson-datatype-jdk8-2.18.3.jar;C:\Users\adithya\.m2\repository\com\fasterxml\jackson\datatype\jackson-datatype-jsr310\2.18.3\jackson-datatype-jsr310-2.18.3.jar;C:\Users\adithya\.m2\repository\com\fasterxml\jackson\module\jackson-module-parameter-names\2.18.3\jackson-module-parameter-names-2.18.3.jar;C:\Users\adithya\.m2\repository\org\springframework\boot\spring-boot-starter-tomcat\3.4.4\spring-boot-starter-tomcat-3.4.4.jar;C:\Users\adithya\.m2\repository\org\apache\tomcat\embed\tomcat-embed-core\10.1.39\tomcat-embed-core-10.1.39.jar;C:\Users\adithya\.m2\repository\org\apache\tomcat\embed\tomcat-embed-el\10.1.39\tomcat-embed-el-10.1.39.jar;C:\Users\adithya\.m2\repository\org\apache\tomcat\embed\tomcat-embed-websocket\10.1.39\tomcat-embed-websocket-10.1.39.jar;C:\Users\adithya\.m2\repository\org\springframework\spring-web\6.2.5\spring-web-6.2.5.jar;C:\Users\adithya\.m2\repository\io\micrometer\micrometer-observation\1.14.5\micrometer-observation-1.14.5.jar;C:\Users\adithya\.m2\repository\io\micrometer\micrometer-commons\1.14.5\micrometer-commons-1.14.5.jar;C:\Users\adithya\.m2\repository\org\springframework\spring-webmvc\6.2.5\spring-webmvc-6.2.5.jar;C:\Users\adithya\.m2\repository\org\springframework\boot\spring-boot-devtools\3.4.4\spring-boot-devtools-3.4.4.jar;C:\Users\adithya\.m2\repository\org\springframework\boot\spring-boot\3.4.4\spring-boot-3.4.4.jar;C:\Users\adithya\.m2\repository\org\springframework\boot\spring-boot-autoconfigure\3.4.4\spring-boot-autoconfigure-3.4.4.jar;C:\Users\adithya\.m2\repository\com\mysql\mysql-connector-j\9.1.0\mysql-connector-j-9.1.0.jar;C:\Users\adithya\.m2\repository\jakarta\xml\bind\jakarta.xml.bind-api\4.0.2\jakarta.xml.bind-api-4.0.2.jar;C:\Users\adithya\.m2\repository\jakarta\activation\jakarta.activation-api\2.1.3\jakarta.activation-api-2.1.3.jar;C:\Users\adithya\.m2\repository\org\springframework\spring-core\6.2.5\spring-core-6.2.5.jar;C:\Users\adithya\.m2\repository\org\springframework\spring-jcl\6.2.5\spring-jcl-6.2.5.jar;C:\Users\adithya\.m2\repository\org\springframework\security\spring-security-core\6.4.4\spring-security-core-6.4.4.jar;C:\Users\adithya\.m2\repository\org\springframework\security\spring-security-crypto\6.4.4\spring-security-crypto-6.4.4.jar;C:\Users\adithya\.m2\repository\io\jsonwebtoken\jjwt-api\0.11.5\jjwt-api-0.11.5.jar;C:\Users\adithya\.m2\repository\io\jsonwebtoken\jjwt-impl\0.11.5\jjwt-impl-0.11.5.jar;C:\Users\adithya\.m2\repository\io\jsonwebtoken\jjwt-jackson\0.11.5\jjwt-jackson-0.11.5.jar;C:\Users\adithya\.m2\repository\com\fasterxml\jackson\core\jackson-databind\2.18.3\jackson-databind-2.18.3.jar;C:\Users\adithya\.m2\repository\com\fasterxml\jackson\core\jackson-annotations\2.18.3\jackson-annotations-2.18.3.jar;C:\Users\adithya\.m2\repository\com\fasterxml\jackson\core\jackson-core\2.18.3\jackson-core-2.18.3.jar
Launcher Type: SUN_STANDARD

[Global flags]
     intx CICompilerCount                          = 3                                         {product} {ergonomic}
     uint ConcGCThreads                            = 1                                         {product} {ergonomic}
     uint G1ConcRefinementThreads                  = 4                                         {product} {ergonomic}
   size_t G1HeapRegionSize                         = 1048576                                   {product} {ergonomic}
    uintx GCDrainStackTargetSize                   = 64                                        {product} {ergonomic}
   size_t InitialHeapSize                          = 62914560                                  {product} {ergonomic}
     bool ManagementServer                         = true                                      {product} {command line}
   size_t MarkStackSize                            = 4194304                                   {product} {ergonomic}
   size_t MaxHeapSize                              = 1004535808                                {product} {ergonomic}
   size_t MaxNewSize                               = 601882624                                 {product} {ergonomic}
   size_t MinHeapDeltaBytes                        = 1048576                                   {product} {ergonomic}
   size_t MinHeapSize                              = 8388608                                   {product} {ergonomic}
    uintx NonNMethodCodeHeapSize                   = 4096                                   {pd product} {ergonomic}
    uintx NonProfiledCodeHeapSize                  = 0                                      {pd product} {ergonomic}
     bool ProfileInterpreter                       = false                                  {pd product} {command line}
    uintx ProfiledCodeHeapSize                     = 0                                      {pd product} {ergonomic}
     bool ShowCodeDetailsInExceptionMessages       = true                                   {manageable} {command line}
   size_t SoftMaxHeapSize                          = 1004535808                             {manageable} {ergonomic}
     intx TieredStopAtLevel                        = 1                                         {product} {command line}
     bool UseCompressedOops                        = true                           {product lp64_product} {ergonomic}
     bool UseG1GC                                  = true                                      {product} {ergonomic}
     bool UseLargePagesIndividualAllocation        = false                                  {pd product} {ergonomic}

Logging:
Log output configuration:
 #0: stdout all=warning uptime,level,tags foldmultilines=false
 #1: stderr all=off uptime,level,tags foldmultilines=false

Environment Variables:
PATH=C:/Program Files/sts-4.29.1.RELEASE//plugins/org.eclipse.justj.openjdk.hotspot.jre.full.win32.x86_64_21.0.6.v20250130-0529/jre/bin/server;C:/Program Files/sts-4.29.1.RELEASE//plugins/org.eclipse.justj.openjdk.hotspot.jre.full.win32.x86_64_21.0.6.v20250130-0529/jre/bin;C:\Program Files\Microsoft MPI\Bin\;C:\Program Files\Common Files\Oracle\Java\javapath;C:\WINDOWS\system32;C:\WINDOWS;C:\WINDOWS\System32\Wbem;C:\WINDOWS\System32\WindowsPowerShell\v1.0\;C:\WINDOWS\System32\OpenSSH\;C:\Program Files\dotnet\;C:\Program Files\nodejs\;C:\Program Files (x86)\Windows Kits\10\Windows Performance Toolkit\;C:\Program Files\Git\cmd;C:\Users\adithya\AppData\Local\Microsoft\WindowsApps;C:\Users\adithya\.babun;C:\Users\adithya\AppData\Roaming\npm;C:\Users\adithya\AppData\Local\Programs\Microsoft VS Code\bin;C:\Users\adithya\AppData\Local\GitHubDesktop\bin;C:\Program Files\sts-4.29.1.RELEASE;
USERNAME=adithya
OS=Windows_NT
PROCESSOR_IDENTIFIER=Intel64 Family 6 Model 140 Stepping 1, GenuineIntel
TMP=C:\Users\adithya\AppData\Local\Temp
TEMP=C:\Users\adithya\AppData\Local\Temp




Periodic native trim disabled

---------------  S Y S T E M  ---------------

OS:
 Windows 11 , 64 bit Build 22621 (10.0.22621.4391)
OS uptime: 1 days 22:26 hours

CPU: total 4 (initial active 4) (2 cores per cpu, 2 threads per core) family 6 model 140 stepping 1 microcode 0xba, cx8, cmov, fxsr, ht, mmx, 3dnowpref, sse, sse2, sse3, ssse3, sse4.1, sse4.2, popcnt, lzcnt, tsc, tscinvbit, avx, avx2, aes, erms, clmul, bmi1, bmi2, adx, avx512f, avx512dq, avx512cd, avx512bw, avx512vl, sha, fma, vzeroupper, avx512_vpopcntdq, avx512_vpclmulqdq, avx512_vaes, avx512_vnni, clflush, clflushopt, clwb, avx512_vbmi2, avx512_vbmi, rdtscp, rdpid, fsrm, gfni, avx512_bitalg, f16c, pku, cet_ibt, cet_ss, avx512_ifma
Processor Information for the first 4 processors :
  Max Mhz: 2995, Current Mhz: 2995, Mhz Limit: 2995

Memory: 4k page, system-wide physical 3830M (53M free)
TotalPageFile size 15606M (AvailPageFile size 5M)
current process WorkingSet (physical memory assigned to process): 156M, peak: 157M
current process commit charge ("private bytes"): 192M, peak: 197M

vm_info: OpenJDK 64-Bit Server VM (21.0.6+7-LTS) for windows-amd64 JRE (21.0.6+7-LTS), built on 2025-01-21T00:00:00Z by "admin" with MS VC++ 17.7 (VS2022)

END.
