#
# There is insufficient memory for the Java Runtime Environment to continue.
# Native memory allocation (mmap) failed to map 4194304 bytes. Error detail: G1 virtual space
# Possible reasons:
#   The system is out of physical RAM or swap space
#   This process is running with CompressedOops enabled, and the Java Heap may be blocking the growth of the native heap
# Possible solutions:
#   Reduce memory load on the system
#   Increase physical memory or swap space
#   Check if swap backing store is full
#   Decrease Java heap size (-Xmx/-Xms)
#   Decrease number of Java threads
#   Decrease Java thread stack sizes (-Xss)
#   Set larger code cache with -XX:ReservedCodeCacheSize=
#   JVM is running with Unscaled Compressed Oops mode in which the Java heap is
#     placed in the first 4GB address space. The Java Heap base address is the
#     maximum limit for the native heap growth. Please use -XX:HeapBaseMinAddress
#     to set the Java Heap base and to place the Java Heap above 4GB virtual address.
# This output file may be truncated or incomplete.
#
#  Out of Memory Error (os_windows.cpp:3686), pid=15928, tid=14168
#
# JRE version: OpenJDK Runtime Environment Temurin-21.0.6+7 (21.0.6+7) (build 21.0.6+7-LTS)
# Java VM: OpenJDK 64-Bit Server VM Temurin-21.0.6+7 (21.0.6+7-LTS, mixed mode, emulated-client, sharing, tiered, compressed oops, compressed class ptrs, g1 gc, windows-amd64)
# No core dump will be written. Minidumps are not enabled by default on client versions of Windows
#

---------------  S U M M A R Y ------------

Command Line: -Dcom.sun.management.jmxremote -Dcom.sun.management.jmxremote.port=57821 -Dcom.sun.management.jmxremote.authenticate=false -Dcom.sun.management.jmxremote.ssl=false -Djava.rmi.server.hostname=localhost -Dspring.jmx.enabled=true -Dmanagement.endpoints.jmx.exposure.include=* -Dspring.application.admin.enabled=true -Dspring.output.ansi.enabled=always -XX:TieredStopAtLevel=1 -Dspring.boot.project.name=myapp -Dfile.encoding=UTF-8 -Dstdout.encoding=UTF-8 -Dstderr.encoding=UTF-8 -XX:+ShowCodeDetailsInExceptionMessages com.wedding.ecommerce.MyappApplication

Host: 11th Gen Intel(R) Core(TM) i3-1115G4 @ 3.00GHz, 4 cores, 3G,  Windows 11 , 64 bit Build 22621 (10.0.22621.4391)
Time: Thu May  8 17:05:41 2025 Sri Lanka Standard Time elapsed time: 5.867988 seconds (0d 0h 0m 5s)

---------------  T H R E A D  ---------------

Current thread (0x000002c20ce61d30):  VMThread "VM Thread"          [id=14168, stack(0x000000f5a9d00000,0x000000f5a9e00000) (1024K)]

Stack: [0x000000f5a9d00000,0x000000f5a9e00000]
Native frames: (J=compiled Java code, j=interpreted, Vv=VM code, C=native code)
V  [jvm.dll+0x6cdee9]
V  [jvm.dll+0x8a83d1]
V  [jvm.dll+0x8aa8fe]
V  [jvm.dll+0x8aafe3]
V  [jvm.dll+0x27f706]
V  [jvm.dll+0x6ca755]
V  [jvm.dll+0x6bea3a]
V  [jvm.dll+0x355d6a]
V  [jvm.dll+0x35d936]
V  [jvm.dll+0x3af58e]
V  [jvm.dll+0x3af838]
V  [jvm.dll+0x329efc]
V  [jvm.dll+0x329f87]
V  [jvm.dll+0x36dd4c]
V  [jvm.dll+0x36c598]
V  [jvm.dll+0x3296c1]
V  [jvm.dll+0x36bc0a]
V  [jvm.dll+0x8b0cff]
V  [jvm.dll+0x8b2084]
V  [jvm.dll+0x8b25c0]
V  [jvm.dll+0x8b2863]
V  [jvm.dll+0x851f8b]
V  [jvm.dll+0x6cc5ed]
C  [ucrtbase.dll+0x29333]
C  [KERNEL32.DLL+0x1259d]
C  [ntdll.dll+0x5af38]

VM_Operation (0x000000f5ab0f7b80): G1CollectForAllocation, mode: safepoint, requested by thread 0x000002c2529cc9e0


---------------  P R O C E S S  ---------------

Threads class SMR info:
_java_thread_list=0x000002c253d1cf20, length=23, elements={
0x000002c200c4f400, 0x000002c20ce7f6b0, 0x000002c20ce80860, 0x000002c20ce81c90,
0x000002c20ce83b40, 0x000002c20ce87960, 0x000002c20ce8c2c0, 0x000002c20ce94dc0,
0x000002c203044510, 0x000002c252086390, 0x000002c252564fc0, 0x000002c252571580,
0x000002c25259c8e0, 0x000002c25295f970, 0x000002c25295ffd0, 0x000002c2529bfd60,
0x000002c2529cc9e0, 0x000002c2529e1870, 0x000002c252a33f40, 0x000002c2535d0ef0,
0x000002c252a317e0, 0x000002c252a33220, 0x000002c252a34c60
}

Java Threads: ( => current thread )
  0x000002c200c4f400 JavaThread "main"                              [_thread_blocked, id=13992, stack(0x000000f5a9600000,0x000000f5a9700000) (1024K)]
  0x000002c20ce7f6b0 JavaThread "Reference Handler"          daemon [_thread_blocked, id=8844, stack(0x000000f5a9e00000,0x000000f5a9f00000) (1024K)]
  0x000002c20ce80860 JavaThread "Finalizer"                  daemon [_thread_blocked, id=14296, stack(0x000000f5a9f00000,0x000000f5aa000000) (1024K)]
  0x000002c20ce81c90 JavaThread "Signal Dispatcher"          daemon [_thread_blocked, id=21568, stack(0x000000f5aa000000,0x000000f5aa100000) (1024K)]
  0x000002c20ce83b40 JavaThread "Attach Listener"            daemon [_thread_blocked, id=11184, stack(0x000000f5aa100000,0x000000f5aa200000) (1024K)]
  0x000002c20ce87960 JavaThread "Service Thread"             daemon [_thread_blocked, id=19500, stack(0x000000f5aa200000,0x000000f5aa300000) (1024K)]
  0x000002c20ce8c2c0 JavaThread "Monitor Deflation Thread"   daemon [_thread_blocked, id=10832, stack(0x000000f5aa300000,0x000000f5aa400000) (1024K)]
  0x000002c20ce94dc0 JavaThread "C1 CompilerThread0"         daemon [_thread_blocked, id=17360, stack(0x000000f5aa400000,0x000000f5aa500000) (1024K)]
  0x000002c203044510 JavaThread "Common-Cleaner"             daemon [_thread_blocked, id=18740, stack(0x000000f5aa500000,0x000000f5aa600000) (1024K)]
  0x000002c252086390 JavaThread "Notification Thread"        daemon [_thread_blocked, id=18276, stack(0x000000f5aa600000,0x000000f5aa700000) (1024K)]
  0x000002c252564fc0 JavaThread "RMI TCP Accept-0"           daemon [_thread_in_native, id=2280, stack(0x000000f5aaa00000,0x000000f5aab00000) (1024K)]
  0x000002c252571580 JavaThread "RMI TCP Accept-57821"       daemon [_thread_in_native, id=3268, stack(0x000000f5aab00000,0x000000f5aac00000) (1024K)]
  0x000002c25259c8e0 JavaThread "RMI TCP Accept-0"           daemon [_thread_in_native, id=21936, stack(0x000000f5aac00000,0x000000f5aad00000) (1024K)]
  0x000002c25295f970 JavaThread "RMI TCP Connection(1)-127.0.0.1" daemon [_thread_in_native, id=10496, stack(0x000000f5aad00000,0x000000f5aae00000) (1024K)]
  0x000002c25295ffd0 JavaThread "Thread-0"                          [_thread_blocked, id=892, stack(0x000000f5aae00000,0x000000f5aaf00000) (1024K)]
  0x000002c2529bfd60 JavaThread "RMI Scheduler(0)"           daemon [_thread_blocked, id=21240, stack(0x000000f5aaf00000,0x000000f5ab000000) (1024K)]
  0x000002c2529cc9e0 JavaThread "restartedMain"                     [_thread_blocked, id=16512, stack(0x000000f5ab000000,0x000000f5ab100000) (1024K)]
  0x000002c2529e1870 JavaThread "RMI TCP Connection(2)-127.0.0.1" daemon [_thread_blocked, id=21700, stack(0x000000f5ab100000,0x000000f5ab200000) (1024K)]
  0x000002c252a33f40 JavaThread "JMX server connection timeout 33" daemon [_thread_blocked, id=7580, stack(0x000000f5ab200000,0x000000f5ab300000) (1024K)]
  0x000002c2535d0ef0 JavaThread "C1 CompilerThread1"         daemon [_thread_blocked, id=14084, stack(0x000000f5ab300000,0x000000f5ab400000) (1024K)]
  0x000002c252a317e0 JavaThread "mysql-cj-abandoned-connection-cleanup" daemon [_thread_blocked, id=21412, stack(0x000000f5ab400000,0x000000f5ab500000) (1024K)]
  0x000002c252a33220 JavaThread "HikariPool-1 housekeeper"   daemon [_thread_blocked, id=11808, stack(0x000000f5ab600000,0x000000f5ab700000) (1024K)]
  0x000002c252a34c60 JavaThread "HikariPool-1 connection adder" daemon [_thread_blocked, id=9024, stack(0x000000f5ab700000,0x000000f5ab800000) (1024K)]
Total: 23

Other Threads:
=>0x000002c20ce61d30 VMThread "VM Thread"                           [id=14168, stack(0x000000f5a9d00000,0x000000f5a9e00000) (1024K)]
  0x000002c20ce5d7f0 WatcherThread "VM Periodic Task Thread"        [id=20472, stack(0x000000f5a9c00000,0x000000f5a9d00000) (1024K)]
  0x000002c202fd13a0 WorkerThread "GC Thread#0"                     [id=10684, stack(0x000000f5a9700000,0x000000f5a9800000) (1024K)]
  0x000002c252544ec0 WorkerThread "GC Thread#1"                     [id=5856, stack(0x000000f5aa700000,0x000000f5aa800000) (1024K)]
  0x000002c25255ce70 WorkerThread "GC Thread#2"                     [id=18628, stack(0x000000f5aa800000,0x000000f5aa900000) (1024K)]
  0x000002c25255d210 WorkerThread "GC Thread#3"                     [id=20592, stack(0x000000f5aa900000,0x000000f5aaa00000) (1024K)]
  0x000002c202fda490 ConcurrentGCThread "G1 Main Marker"            [id=17996, stack(0x000000f5a9800000,0x000000f5a9900000) (1024K)]
  0x000002c202fdaf90 WorkerThread "G1 Conc#0"                       [id=11132, stack(0x000000f5a9900000,0x000000f5a9a00000) (1024K)]
  0x000002c203033e20 ConcurrentGCThread "G1 Refine#0"               [id=22132, stack(0x000000f5a9a00000,0x000000f5a9b00000) (1024K)]
  0x000002c203034990 ConcurrentGCThread "G1 Service"                [id=20652, stack(0x000000f5a9b00000,0x000000f5a9c00000) (1024K)]
Total: 10

Threads with active compile tasks:
Total: 0

VM state: at safepoint (normal execution)

VM Mutex/Monitor currently owned by a thread:  ([mutex/lock_event])
[0x00007ff887cce380] Threads_lock - owner thread: 0x000002c20ce61d30
[0x00007ff887cce480] Heap_lock - owner thread: 0x000002c2529cc9e0

Heap address: 0x00000000c4200000, size: 958 MB, Compressed Oops mode: 32-bit

CDS archive(s) mapped at: [0x000002c20d000000-0x000002c20dc80000-0x000002c20dc80000), size 13107200, SharedBaseAddress: 0x000002c20d000000, ArchiveRelocationMode: 1.
Compressed class space mapped at: 0x000002c20e000000-0x000002c24e000000, reserved size: 1073741824
Narrow klass base: 0x000002c20d000000, Narrow klass shift: 0, Narrow klass range: 0x100000000

GC Precious Log:
 CardTable entry size: 512
 Card Set container configuration: InlinePtr #cards 5 size 8 Array Of Cards #cards 12 size 40 Howl #buckets 4 coarsen threshold 1843 Howl Bitmap #cards 512 size 80 coarsen threshold 460 Card regions per heap region 1 cards per card region 2048
 CPUs: 4 total, 4 available
 Memory: 3830M
 Large Page Support: Disabled
 NUMA Support: Disabled
 Compressed Oops: Enabled (32-bit)
 Heap Region Size: 1M
 Heap Min Capacity: 8M
 Heap Initial Capacity: 60M
 Heap Max Capacity: 958M
 Pre-touch: Disabled
 Parallel Workers: 4
 Concurrent Workers: 1
 Concurrent Refinement Workers: 4
 Periodic GC: Disabled

Heap:
 garbage-first heap   total 51200K, used 26046K [0x00000000c4200000, 0x0000000100000000)
  region size 1024K, 3 young (3072K), 3 survivors (3072K)
 Metaspace       used 51696K, committed 52352K, reserved 1114112K
  class space    used 7268K, committed 7552K, reserved 1048576K

Heap Regions: E=young(eden), S=young(survivor), O=old, HS=humongous(starts), HC=humongous(continues), CS=collection set, F=free, TAMS=top-at-mark-start, PB=parsable bottom
|   0|0x00000000c4200000, 0x00000000c4300000, 0x00000000c4300000|100%|HS|  |TAMS 0x00000000c4300000| PB 0x00000000c4200000| Complete 
|   1|0x00000000c4300000, 0x00000000c4400000, 0x00000000c4400000|100%|HS|  |TAMS 0x00000000c4400000| PB 0x00000000c4300000| Complete 
|   2|0x00000000c4400000, 0x00000000c4500000, 0x00000000c4500000|100%| O|  |TAMS 0x00000000c4500000| PB 0x00000000c4400000| Untracked 
|   3|0x00000000c4500000, 0x00000000c4600000, 0x00000000c4600000|100%| O|  |TAMS 0x00000000c4600000| PB 0x00000000c4500000| Untracked 
|   4|0x00000000c4600000, 0x00000000c4700000, 0x00000000c4700000|100%| O|  |TAMS 0x00000000c4700000| PB 0x00000000c4600000| Untracked 
|   5|0x00000000c4700000, 0x00000000c4800000, 0x00000000c4800000|100%| O|  |TAMS 0x00000000c4800000| PB 0x00000000c4700000| Untracked 
|   6|0x00000000c4800000, 0x00000000c4900000, 0x00000000c4900000|100%| O|  |TAMS 0x00000000c4900000| PB 0x00000000c4800000| Untracked 
|   7|0x00000000c4900000, 0x00000000c4a00000, 0x00000000c4a00000|100%| O|  |TAMS 0x00000000c4a00000| PB 0x00000000c4900000| Untracked 
|   8|0x00000000c4a00000, 0x00000000c4b00000, 0x00000000c4b00000|100%| O|  |TAMS 0x00000000c4b00000| PB 0x00000000c4a00000| Untracked 
|   9|0x00000000c4b00000, 0x00000000c4c00000, 0x00000000c4c00000|100%| O|  |TAMS 0x00000000c4c00000| PB 0x00000000c4b00000| Untracked 
|  10|0x00000000c4c00000, 0x00000000c4d00000, 0x00000000c4d00000|100%| O|  |TAMS 0x00000000c4d00000| PB 0x00000000c4c00000| Untracked 
|  11|0x00000000c4d00000, 0x00000000c4e00000, 0x00000000c4e00000|100%| O|  |TAMS 0x00000000c4e00000| PB 0x00000000c4d00000| Untracked 
|  12|0x00000000c4e00000, 0x00000000c4f00000, 0x00000000c4f00000|100%| O|  |TAMS 0x00000000c4f00000| PB 0x00000000c4e00000| Untracked 
|  13|0x00000000c4f00000, 0x00000000c4f00000, 0x00000000c5000000|  0%| F|  |TAMS 0x00000000c4f00000| PB 0x00000000c4f00000| Untracked 
|  14|0x00000000c5000000, 0x00000000c5100000, 0x00000000c5100000|100%| O|  |TAMS 0x00000000c5100000| PB 0x00000000c5000000| Untracked 
|  15|0x00000000c5100000, 0x00000000c5200000, 0x00000000c5200000|100%| O|  |TAMS 0x00000000c5200000| PB 0x00000000c5100000| Untracked 
|  16|0x00000000c5200000, 0x00000000c5300000, 0x00000000c5300000|100%| O|  |TAMS 0x00000000c5300000| PB 0x00000000c5200000| Untracked 
|  17|0x00000000c5300000, 0x00000000c5400000, 0x00000000c5400000|100%| O|  |TAMS 0x00000000c5400000| PB 0x00000000c5300000| Untracked 
|  18|0x00000000c5400000, 0x00000000c5500000, 0x00000000c5500000|100%| O|  |TAMS 0x00000000c5500000| PB 0x00000000c5400000| Untracked 
|  19|0x00000000c5500000, 0x00000000c5600000, 0x00000000c5600000|100%| O|  |TAMS 0x00000000c5600000| PB 0x00000000c5500000| Untracked 
|  20|0x00000000c5600000, 0x00000000c5700000, 0x00000000c5700000|100%| O|  |TAMS 0x00000000c5700000| PB 0x00000000c5600000| Untracked 
|  21|0x00000000c5700000, 0x00000000c5700000, 0x00000000c5800000|  0%| F|  |TAMS 0x00000000c5700000| PB 0x00000000c5700000| Untracked 
|  22|0x00000000c5800000, 0x00000000c5850660, 0x00000000c5900000| 31%| S|CS|TAMS 0x00000000c5800000| PB 0x00000000c5800000| Complete 
|  23|0x00000000c5900000, 0x00000000c5a00000, 0x00000000c5a00000|100%| S|CS|TAMS 0x00000000c5900000| PB 0x00000000c5900000| Complete 
|  24|0x00000000c5a00000, 0x00000000c5b00000, 0x00000000c5b00000|100%| O|  |TAMS 0x00000000c5b00000| PB 0x00000000c5a00000| Untracked 
|  25|0x00000000c5b00000, 0x00000000c5c00000, 0x00000000c5c00000|100%| O|  |TAMS 0x00000000c5c00000| PB 0x00000000c5b00000| Untracked 
|  26|0x00000000c5c00000, 0x00000000c5d00000, 0x00000000c5d00000|100%| S|CS|TAMS 0x00000000c5c00000| PB 0x00000000c5c00000| Complete 
|  27|0x00000000c5d00000, 0x00000000c5e00000, 0x00000000c5e00000|100%| O|  |TAMS 0x00000000c5e00000| PB 0x00000000c5d00000| Untracked 
|  28|0x00000000c5e00000, 0x00000000c5e1f210, 0x00000000c5f00000| 12%| O|  |TAMS 0x00000000c5e1f210| PB 0x00000000c5e00000| Untracked 
|  29|0x00000000c5f00000, 0x00000000c5f00000, 0x00000000c6000000|  0%| F|  |TAMS 0x00000000c5f00000| PB 0x00000000c5f00000| Untracked 
|  30|0x00000000c6000000, 0x00000000c6000000, 0x00000000c6100000|  0%| F|  |TAMS 0x00000000c6000000| PB 0x00000000c6000000| Untracked 
|  31|0x00000000c6100000, 0x00000000c6100000, 0x00000000c6200000|  0%| F|  |TAMS 0x00000000c6100000| PB 0x00000000c6100000| Untracked 
|  32|0x00000000c6200000, 0x00000000c6200000, 0x00000000c6300000|  0%| F|  |TAMS 0x00000000c6200000| PB 0x00000000c6200000| Untracked 
|  33|0x00000000c6300000, 0x00000000c6300000, 0x00000000c6400000|  0%| F|  |TAMS 0x00000000c6300000| PB 0x00000000c6300000| Untracked 
|  34|0x00000000c6400000, 0x00000000c6400000, 0x00000000c6500000|  0%| F|  |TAMS 0x00000000c6400000| PB 0x00000000c6400000| Untracked 
|  35|0x00000000c6500000, 0x00000000c6500000, 0x00000000c6600000|  0%| F|  |TAMS 0x00000000c6500000| PB 0x00000000c6500000| Untracked 
|  36|0x00000000c6600000, 0x00000000c6600000, 0x00000000c6700000|  0%| F|  |TAMS 0x00000000c6600000| PB 0x00000000c6600000| Untracked 
|  37|0x00000000c6700000, 0x00000000c6700000, 0x00000000c6800000|  0%| F|  |TAMS 0x00000000c6700000| PB 0x00000000c6700000| Untracked 
|  38|0x00000000c6800000, 0x00000000c6800000, 0x00000000c6900000|  0%| F|  |TAMS 0x00000000c6800000| PB 0x00000000c6800000| Untracked 
|  39|0x00000000c6900000, 0x00000000c6900000, 0x00000000c6a00000|  0%| F|  |TAMS 0x00000000c6900000| PB 0x00000000c6900000| Untracked 
|  40|0x00000000c6a00000, 0x00000000c6a00000, 0x00000000c6b00000|  0%| F|  |TAMS 0x00000000c6a00000| PB 0x00000000c6a00000| Untracked 
|  41|0x00000000c6b00000, 0x00000000c6b00000, 0x00000000c6c00000|  0%| F|  |TAMS 0x00000000c6b00000| PB 0x00000000c6b00000| Untracked 
|  42|0x00000000c6c00000, 0x00000000c6c00000, 0x00000000c6d00000|  0%| F|  |TAMS 0x00000000c6c00000| PB 0x00000000c6c00000| Untracked 
|  43|0x00000000c6d00000, 0x00000000c6d00000, 0x00000000c6e00000|  0%| F|  |TAMS 0x00000000c6d00000| PB 0x00000000c6d00000| Untracked 
|  44|0x00000000c6e00000, 0x00000000c6e00000, 0x00000000c6f00000|  0%| F|  |TAMS 0x00000000c6e00000| PB 0x00000000c6e00000| Untracked 
|  45|0x00000000c6f00000, 0x00000000c6f00000, 0x00000000c7000000|  0%| F|  |TAMS 0x00000000c6f00000| PB 0x00000000c6f00000| Untracked 
|  46|0x00000000c7000000, 0x00000000c7000000, 0x00000000c7100000|  0%| F|  |TAMS 0x00000000c7000000| PB 0x00000000c7000000| Untracked 
|  47|0x00000000c7100000, 0x00000000c7100000, 0x00000000c7200000|  0%| F|  |TAMS 0x00000000c7100000| PB 0x00000000c7100000| Untracked 
|  52|0x00000000c7600000, 0x00000000c7600000, 0x00000000c7700000|  0%| F|  |TAMS 0x00000000c7600000| PB 0x00000000c7600000| Untracked 
|  59|0x00000000c7d00000, 0x00000000c7d00000, 0x00000000c7e00000|  0%| F|  |TAMS 0x00000000c7d00000| PB 0x00000000c7d00000| Untracked 

Card table byte_map: [0x000002c209920000,0x000002c209b00000] _byte_map_base: 0x000002c2092ff000

Marking Bits: (CMBitMap*) 0x000002c202fd1aa0
 Bits: [0x000002c209b00000, 0x000002c20a9f8000)

Polling page: 0x000002c200e50000

Metaspace:

Usage:
  Non-class:     43.39 MB used.
      Class:      7.10 MB used.
       Both:     50.49 MB used.

Virtual space:
  Non-class space:       64.00 MB reserved,      43.75 MB ( 68%) committed,  1 nodes.
      Class space:        1.00 GB reserved,       7.38 MB ( <1%) committed,  1 nodes.
             Both:        1.06 GB reserved,      51.12 MB (  5%) committed. 

Chunk freelists:
   Non-Class:  4.09 MB
       Class:  8.47 MB
        Both:  12.56 MB

MaxMetaspaceSize: unlimited
CompressedClassSpaceSize: 1.00 GB
Initial GC threshold: 21.00 MB
Current GC threshold: 59.19 MB
CDS: on
 - commit_granule_bytes: 65536.
 - commit_granule_words: 8192.
 - virtual_space_node_default_size: 8388608.
 - enlarge_chunks_in_place: 1.
 - use_allocation_guard: 0.


Internal statistics:

num_allocs_failed_limit: 6.
num_arena_births: 862.
num_arena_deaths: 0.
num_vsnodes_births: 2.
num_vsnodes_deaths: 0.
num_space_committed: 818.
num_space_uncommitted: 0.
num_chunks_returned_to_freelist: 6.
num_chunks_taken_from_freelist: 2663.
num_chunk_merges: 6.
num_chunk_splits: 1946.
num_chunks_enlarged: 1499.
num_inconsistent_stats: 0.

CodeCache: size=49152Kb used=9477Kb max_used=9477Kb free=39674Kb
 bounds [0x000002c206920000, 0x000002c207270000, 0x000002c209920000]
 total_blobs=5372 nmethods=4734 adapters=559
 compilation: enabled
              stopped_count=0, restarted_count=0
 full_count=0

Compilation events (20 events):
Event: 5.847 Thread 0x000002c20ce94dc0 nmethod 4769 0x000002c20725e290 code [0x000002c20725e420, 0x000002c20725e530]
Event: 5.847 Thread 0x000002c20ce94dc0 4770       1       net.bytebuddy.jar.asm.Type::getInternalName (12 bytes)
Event: 5.847 Thread 0x000002c20ce94dc0 nmethod 4770 0x000002c20725e610 code [0x000002c20725e7c0, 0x000002c20725e8c8]
Event: 5.847 Thread 0x000002c20ce94dc0 4771       1       net.bytebuddy.jar.asm.ByteVector::putByte (39 bytes)
Event: 5.847 Thread 0x000002c20ce94dc0 nmethod 4771 0x000002c20725e990 code [0x000002c20725eb40, 0x000002c20725ec98]
Event: 5.847 Thread 0x000002c20ce94dc0 4772       1       net.bytebuddy.implementation.Implementation$Context$Default$CacheValueField::getType (5 bytes)
Event: 5.847 Thread 0x000002c20ce94dc0 nmethod 4772 0x000002c20725ed90 code [0x000002c20725ef20, 0x000002c20725efe8]
Event: 5.847 Thread 0x000002c2535d0ef0 nmethod 4768 0x000002c20725f090 code [0x000002c20725f2e0, 0x000002c20725f778]
Event: 5.847 Thread 0x000002c20ce94dc0 4773       1       net.bytebuddy.ClassFileVersion::getMajorVersion (9 bytes)
Event: 5.847 Thread 0x000002c20ce94dc0 nmethod 4773 0x000002c20725fa90 code [0x000002c20725fc20, 0x000002c20725fcf8]
Event: 5.849 Thread 0x000002c2535d0ef0 4775       1       net.bytebuddy.jar.asm.ByteVector::putShort (52 bytes)
Event: 5.849 Thread 0x000002c20ce94dc0 4774       1       net.bytebuddy.jar.asm.SymbolTable::addConstantUtf8 (98 bytes)
Event: 5.849 Thread 0x000002c2535d0ef0 nmethod 4775 0x000002c20725fd90 code [0x000002c20725ff40, 0x000002c2072600c0]
Event: 5.850 Thread 0x000002c20ce94dc0 nmethod 4774 0x000002c207260210 code [0x000002c207260420, 0x000002c2072607c8]
Event: 5.855 Thread 0x000002c20ce94dc0 4776       1       jdk.internal.org.objectweb.asm.MethodWriter::addSuccessorToCurrentBasicBlock (24 bytes)
Event: 5.855 Thread 0x000002c20ce94dc0 nmethod 4776 0x000002c207260a90 code [0x000002c207260c40, 0x000002c207260e90]
Event: 5.856 Thread 0x000002c20ce94dc0 4777       1       java.lang.reflect.Method::getParameterAnnotations (13 bytes)
Event: 5.856 Thread 0x000002c20ce94dc0 nmethod 4777 0x000002c207260f90 code [0x000002c207261140, 0x000002c207261230]
Event: 5.857 Thread 0x000002c2535d0ef0 4778       1       net.bytebuddy.description.type.TypeDescription$AbstractBase::<init> (5 bytes)
Event: 5.858 Thread 0x000002c2535d0ef0 nmethod 4778 0x000002c207261290 code [0x000002c207261420, 0x000002c2072614e8]

GC Heap History (20 events):
Event: 1.015 GC heap after
{Heap after GC invocations=2 (full 0):
 garbage-first heap   total 61440K, used 8856K [0x00000000c4200000, 0x0000000100000000)
  region size 1024K, 2 young (2048K), 2 survivors (2048K)
 Metaspace       used 7848K, committed 8128K, reserved 1114112K
  class space    used 971K, committed 1152K, reserved 1048576K
}
Event: 1.731 GC heap before
{Heap before GC invocations=2 (full 0):
 garbage-first heap   total 61440K, used 35480K [0x00000000c4200000, 0x0000000100000000)
  region size 1024K, 29 young (29696K), 2 survivors (2048K)
 Metaspace       used 14482K, committed 14848K, reserved 1114112K
  class space    used 1913K, committed 2112K, reserved 1048576K
}
Event: 1.735 GC heap after
{Heap after GC invocations=3 (full 0):
 garbage-first heap   total 61440K, used 10704K [0x00000000c4200000, 0x0000000100000000)
  region size 1024K, 4 young (4096K), 4 survivors (4096K)
 Metaspace       used 14482K, committed 14848K, reserved 1114112K
  class space    used 1913K, committed 2112K, reserved 1048576K
}
Event: 2.798 GC heap before
{Heap before GC invocations=3 (full 0):
 garbage-first heap   total 61440K, used 42448K [0x00000000c4200000, 0x0000000100000000)
  region size 1024K, 36 young (36864K), 4 survivors (4096K)
 Metaspace       used 20663K, committed 21056K, reserved 1114112K
  class space    used 2715K, committed 2880K, reserved 1048576K
}
Event: 2.807 GC heap after
{Heap after GC invocations=4 (full 0):
 garbage-first heap   total 61440K, used 13955K [0x00000000c4200000, 0x0000000100000000)
  region size 1024K, 5 young (5120K), 5 survivors (5120K)
 Metaspace       used 20663K, committed 21056K, reserved 1114112K
  class space    used 2715K, committed 2880K, reserved 1048576K
}
Event: 2.942 GC heap before
{Heap before GC invocations=4 (full 0):
 garbage-first heap   total 61440K, used 20099K [0x00000000c4200000, 0x0000000100000000)
  region size 1024K, 12 young (12288K), 5 survivors (5120K)
 Metaspace       used 21174K, committed 21504K, reserved 1114112K
  class space    used 2794K, committed 2944K, reserved 1048576K
}
Event: 2.947 GC heap after
{Heap after GC invocations=5 (full 0):
 garbage-first heap   total 61440K, used 15360K [0x00000000c4200000, 0x0000000100000000)
  region size 1024K, 1 young (1024K), 1 survivors (1024K)
 Metaspace       used 21174K, committed 21504K, reserved 1114112K
  class space    used 2794K, committed 2944K, reserved 1048576K
}
Event: 3.448 GC heap before
{Heap before GC invocations=6 (full 0):
 garbage-first heap   total 51200K, used 44032K [0x00000000c4200000, 0x0000000100000000)
  region size 1024K, 30 young (30720K), 1 survivors (1024K)
 Metaspace       used 24150K, committed 24576K, reserved 1114112K
  class space    used 3255K, committed 3456K, reserved 1048576K
}
Event: 3.451 GC heap after
{Heap after GC invocations=7 (full 0):
 garbage-first heap   total 51200K, used 17334K [0x00000000c4200000, 0x0000000100000000)
  region size 1024K, 3 young (3072K), 3 survivors (3072K)
 Metaspace       used 24150K, committed 24576K, reserved 1114112K
  class space    used 3255K, committed 3456K, reserved 1048576K
}
Event: 3.837 GC heap before
{Heap before GC invocations=7 (full 0):
 garbage-first heap   total 51200K, used 41910K [0x00000000c4200000, 0x0000000100000000)
  region size 1024K, 27 young (27648K), 3 survivors (3072K)
 Metaspace       used 27885K, committed 28480K, reserved 1114112K
  class space    used 3849K, committed 4096K, reserved 1048576K
}
Event: 3.842 GC heap after
{Heap after GC invocations=8 (full 0):
 garbage-first heap   total 51200K, used 19660K [0x00000000c4200000, 0x0000000100000000)
  region size 1024K, 3 young (3072K), 3 survivors (3072K)
 Metaspace       used 27885K, committed 28480K, reserved 1114112K
  class space    used 3849K, committed 4096K, reserved 1048576K
}
Event: 4.203 GC heap before
{Heap before GC invocations=8 (full 0):
 garbage-first heap   total 51200K, used 42188K [0x00000000c4200000, 0x0000000100000000)
  region size 1024K, 25 young (25600K), 3 survivors (3072K)
 Metaspace       used 30429K, committed 30976K, reserved 1114112K
  class space    used 4165K, committed 4416K, reserved 1048576K
}
Event: 4.207 GC heap after
{Heap after GC invocations=9 (full 0):
 garbage-first heap   total 51200K, used 21209K [0x00000000c4200000, 0x0000000100000000)
  region size 1024K, 2 young (2048K), 2 survivors (2048K)
 Metaspace       used 30429K, committed 30976K, reserved 1114112K
  class space    used 4165K, committed 4416K, reserved 1048576K
}
Event: 4.596 GC heap before
{Heap before GC invocations=9 (full 0):
 garbage-first heap   total 51200K, used 40665K [0x00000000c4200000, 0x0000000100000000)
  region size 1024K, 23 young (23552K), 2 survivors (2048K)
 Metaspace       used 35538K, committed 36096K, reserved 1114112K
  class space    used 4912K, committed 5184K, reserved 1048576K
}
Event: 4.599 GC heap after
{Heap after GC invocations=10 (full 0):
 garbage-first heap   total 51200K, used 22291K [0x00000000c4200000, 0x0000000100000000)
  region size 1024K, 3 young (3072K), 3 survivors (3072K)
 Metaspace       used 35538K, committed 36096K, reserved 1114112K
  class space    used 4912K, committed 5184K, reserved 1048576K
}
Event: 5.145 GC heap before
{Heap before GC invocations=11 (full 0):
 garbage-first heap   total 51200K, used 43795K [0x00000000c4200000, 0x0000000100000000)
  region size 1024K, 25 young (25600K), 3 survivors (3072K)
 Metaspace       used 41550K, committed 42176K, reserved 1114112K
  class space    used 5739K, committed 6016K, reserved 1048576K
}
Event: 5.149 GC heap after
{Heap after GC invocations=12 (full 0):
 garbage-first heap   total 51200K, used 24266K [0x00000000c4200000, 0x0000000100000000)
  region size 1024K, 4 young (4096K), 4 survivors (4096K)
 Metaspace       used 41550K, committed 42176K, reserved 1114112K
  class space    used 5739K, committed 6016K, reserved 1048576K
}
Event: 5.454 GC heap before
{Heap before GC invocations=12 (full 0):
 garbage-first heap   total 51200K, used 42698K [0x00000000c4200000, 0x0000000100000000)
  region size 1024K, 22 young (22528K), 4 survivors (4096K)
 Metaspace       used 45597K, committed 46272K, reserved 1114112K
  class space    used 6287K, committed 6592K, reserved 1048576K
}
Event: 5.459 GC heap after
{Heap after GC invocations=13 (full 0):
 garbage-first heap   total 51200K, used 25382K [0x00000000c4200000, 0x0000000100000000)
  region size 1024K, 2 young (2048K), 2 survivors (2048K)
 Metaspace       used 45597K, committed 46272K, reserved 1114112K
  class space    used 6287K, committed 6592K, reserved 1048576K
}
Event: 5.860 GC heap before
{Heap before GC invocations=13 (full 0):
 garbage-first heap   total 51200K, used 43814K [0x00000000c4200000, 0x0000000100000000)
  region size 1024K, 21 young (21504K), 2 survivors (2048K)
 Metaspace       used 51696K, committed 52352K, reserved 1114112K
  class space    used 7268K, committed 7552K, reserved 1048576K
}

Dll operation events (11 events):
Event: 0.048 Loaded shared library C:\Program Files\sts-4.29.1.RELEASE\plugins\org.eclipse.justj.openjdk.hotspot.jre.full.win32.x86_64_21.0.6.v20250130-0529\jre\bin\java.dll
Event: 0.132 Loaded shared library C:\Program Files\sts-4.29.1.RELEASE\plugins\org.eclipse.justj.openjdk.hotspot.jre.full.win32.x86_64_21.0.6.v20250130-0529\jre\bin\zip.dll
Event: 0.212 Loaded shared library C:\Program Files\sts-4.29.1.RELEASE\plugins\org.eclipse.justj.openjdk.hotspot.jre.full.win32.x86_64_21.0.6.v20250130-0529\jre\bin\jimage.dll
Event: 0.221 Loaded shared library C:\Program Files\sts-4.29.1.RELEASE\plugins\org.eclipse.justj.openjdk.hotspot.jre.full.win32.x86_64_21.0.6.v20250130-0529\jre\bin\net.dll
Event: 0.226 Loaded shared library C:\Program Files\sts-4.29.1.RELEASE\plugins\org.eclipse.justj.openjdk.hotspot.jre.full.win32.x86_64_21.0.6.v20250130-0529\jre\bin\nio.dll
Event: 0.228 Loaded shared library C:\Program Files\sts-4.29.1.RELEASE\plugins\org.eclipse.justj.openjdk.hotspot.jre.full.win32.x86_64_21.0.6.v20250130-0529\jre\bin\zip.dll
Event: 0.281 Loaded shared library C:\Program Files\sts-4.29.1.RELEASE\plugins\org.eclipse.justj.openjdk.hotspot.jre.full.win32.x86_64_21.0.6.v20250130-0529\jre\bin\management.dll
Event: 0.302 Loaded shared library C:\Program Files\sts-4.29.1.RELEASE\plugins\org.eclipse.justj.openjdk.hotspot.jre.full.win32.x86_64_21.0.6.v20250130-0529\jre\bin\management_ext.dll
Event: 0.654 Loaded shared library C:\Program Files\sts-4.29.1.RELEASE\plugins\org.eclipse.justj.openjdk.hotspot.jre.full.win32.x86_64_21.0.6.v20250130-0529\jre\bin\extnet.dll
Event: 2.484 Loaded shared library C:\Program Files\sts-4.29.1.RELEASE\plugins\org.eclipse.justj.openjdk.hotspot.jre.full.win32.x86_64_21.0.6.v20250130-0529\jre\bin\sunmscapi.dll
Event: 4.574 Loaded shared library C:\Program Files\sts-4.29.1.RELEASE\plugins\org.eclipse.justj.openjdk.hotspot.jre.full.win32.x86_64_21.0.6.v20250130-0529\jre\bin\verify.dll

Deoptimization events (2 events):
Event: 3.698 Thread 0x000002c2529cc9e0 DEOPT PACKING pc=0x000002c20703200c sp=0x000000f5ab0f8bc0
Event: 3.698 Thread 0x000002c2529cc9e0 DEOPT UNPACKING pc=0x000002c2069788e2 sp=0x000000f5ab0f8080 mode 0

Classes loaded (20 events):
Event: 5.435 Loading class java/util/concurrent/CompletableFuture
Event: 5.436 Loading class java/util/concurrent/CompletableFuture done
Event: 5.436 Loading class java/util/concurrent/CompletableFuture$AltResult
Event: 5.436 Loading class java/util/concurrent/CompletableFuture$AltResult done
Event: 5.437 Loading class java/util/concurrent/CompletableFuture$Completion
Event: 5.437 Loading class java/util/concurrent/CompletableFuture$AsynchronousCompletionTask
Event: 5.437 Loading class java/util/concurrent/CompletableFuture$AsynchronousCompletionTask done
Event: 5.437 Loading class java/util/concurrent/CompletableFuture$Completion done
Event: 5.487 Loading class java/util/concurrent/CancellationException
Event: 5.487 Loading class java/util/concurrent/CancellationException done
Event: 5.744 Loading class java/util/ArrayList$ListItr
Event: 5.744 Loading class java/util/ArrayList$ListItr done
Event: 5.775 Loading class java/util/AbstractList$SubList
Event: 5.775 Loading class java/util/AbstractList$SubList done
Event: 5.823 Loading class java/lang/reflect/AnnotatedArrayType
Event: 5.823 Loading class java/lang/reflect/AnnotatedArrayType done
Event: 5.854 Loading class java/lang/foreign/ValueLayout
Event: 5.854 Loading class java/lang/foreign/MemoryLayout
Event: 5.855 Loading class java/lang/foreign/MemoryLayout done
Event: 5.855 Loading class java/lang/foreign/ValueLayout done

Classes unloaded (0 events):
No events

Classes redefined (0 events):
No events

Internal exceptions (20 events):
Event: 3.810 Thread 0x000002c2529cc9e0 Exception <a 'java/lang/NoSuchMethodError'{0x00000000c5c26fd0}: 'void java.lang.invoke.DirectMethodHandle$Holder.invokeStatic(java.lang.Object, int, java.lang.Object)'> (0x00000000c5c26fd0) 
thrown [s\src\hotspot\share\interpreter\linkResolver.cpp, line 773]
Event: 3.835 Thread 0x000002c2529cc9e0 Exception <a 'java/lang/NoSuchMethodError'{0x00000000c5cd7578}: 'void java.lang.invoke.DirectMethodHandle$Holder.invokeStatic(java.lang.Object, java.lang.Object, java.lang.Object, int, java.lang.Object)'> (0x00000000c5cd7578) 
thrown [s\src\hotspot\share\interpreter\linkResolver.cpp, line 773]
Event: 3.835 Thread 0x000002c2529cc9e0 Exception <a 'java/lang/NoSuchMethodError'{0x00000000c5cdde60}: 'java.lang.Object java.lang.invoke.DirectMethodHandle$Holder.newInvokeSpecial(java.lang.Object, java.lang.Object, java.lang.Object, int)'> (0x00000000c5cdde60) 
thrown [s\src\hotspot\share\interpreter\linkResolver.cpp, line 773]
Event: 3.836 Thread 0x000002c2529cc9e0 Exception <a 'java/lang/NoSuchMethodError'{0x00000000c5ce1cf0}: 'java.lang.Object java.lang.invoke.DirectMethodHandle$Holder.invokeSpecial(java.lang.Object, java.lang.Object, java.lang.Object, java.lang.Object, int)'> (0x00000000c5ce1cf0) 
thrown [s\src\hotspot\share\interpreter\linkResolver.cpp, line 773]
Event: 3.836 Thread 0x000002c2529cc9e0 Exception <a 'java/lang/NoSuchMethodError'{0x00000000c5ce5198}: 'java.lang.Object java.lang.invoke.Invokers$Holder.linkToTargetMethod(java.lang.Object, java.lang.Object, int, java.lang.Object)'> (0x00000000c5ce5198) 
thrown [s\src\hotspot\share\interpreter\linkResolver.cpp, line 773]
Event: 4.009 Thread 0x000002c2529cc9e0 Exception <a 'java/lang/NoSuchMethodError'{0x00000000c677cec0}: 'int java.lang.invoke.DirectMethodHandle$Holder.invokeVirtual(java.lang.Object, java.lang.Object, java.lang.Object, java.lang.Object)'> (0x00000000c677cec0) 
thrown [s\src\hotspot\share\interpreter\linkResolver.cpp, line 773]
Event: 4.009 Thread 0x000002c2529cc9e0 Exception <a 'java/lang/NoSuchMethodError'{0x00000000c67809b8}: 'int java.lang.invoke.DelegatingMethodHandle$Holder.reinvoke_L(java.lang.Object, java.lang.Object, java.lang.Object, java.lang.Object)'> (0x00000000c67809b8) 
thrown [s\src\hotspot\share\interpreter\linkResolver.cpp, line 773]
Event: 4.041 Thread 0x000002c2529cc9e0 Exception <a 'java/io/FileNotFoundException'{0x00000000c6687d70}> (0x00000000c6687d70) 
thrown [s\src\hotspot\share\prims\jni.cpp, line 520]
Event: 4.099 Thread 0x000002c2529cc9e0 Exception <a 'java/lang/NoSuchMethodError'{0x00000000c64bcf98}: 'int java.lang.invoke.DirectMethodHandle$Holder.invokeInterface(java.lang.Object, java.lang.Object, java.lang.Object, java.lang.Object)'> (0x00000000c64bcf98) 
thrown [s\src\hotspot\share\interpreter\linkResolver.cpp, line 773]
Event: 4.137 Thread 0x000002c2529cc9e0 Exception <a 'java/lang/NoSuchMethodError'{0x00000000c63f0390}: 'void java.lang.invoke.Invokers$Holder.invokeExact_MT(java.lang.Object, java.lang.Object, java.lang.Object, java.lang.Object)'> (0x00000000c63f0390) 
thrown [s\src\hotspot\share\interpreter\linkResolver.cpp, line 773]
Event: 4.138 Thread 0x000002c2529cc9e0 Exception <a 'java/lang/NoSuchMethodError'{0x00000000c63f6fe8}: 'long java.lang.invoke.DelegatingMethodHandle$Holder.reinvoke_L(java.lang.Object, java.lang.Object)'> (0x00000000c63f6fe8) 
thrown [s\src\hotspot\share\interpreter\linkResolver.cpp, line 773]
Event: 4.138 Thread 0x000002c2529cc9e0 Exception <a 'java/lang/NoSuchMethodError'{0x00000000c62010f8}: 'void java.lang.invoke.DelegatingMethodHandle$Holder.reinvoke_L(java.lang.Object, java.lang.Object, long)'> (0x00000000c62010f8) 
thrown [s\src\hotspot\share\interpreter\linkResolver.cpp, line 773]
Event: 4.223 Thread 0x000002c2529cc9e0 Exception <a 'java/lang/NoSuchMethodError'{0x00000000c7677508}: 'java.lang.Object java.lang.invoke.DirectMethodHandle$Holder.newInvokeSpecial(java.lang.Object, java.lang.Object, java.lang.Object, java.lang.Object, java.lang.Object, java.lang.Object, java.lang.Object, java.lang.Object, java.lang.Object, java.lang.Object, java.lang.Object)'> (0x00000000c7677508) 
thrown [s\src\hotspot\share\interpreter\linkResolver.cpp, line 773]
Event: 4.297 Thread 0x000002c2529cc9e0 Exception <a 'java/lang/NoSuchMethodError'{0x00000000c6e83920}: 'void java.lang.invoke.DelegatingMethodHandle$Holder.reinvoke_L(java.lang.Object, java.lang.Object, java.lang.Object, java.lang.Object, int, java.lang.Object, java.lang.Object, java.lang.Object)'> (0x00000000c6e83920) 
thrown [s\src\hotspot\share\interpreter\linkResolver.cpp, line 773]
Event: 4.781 Thread 0x000002c2529cc9e0 Exception <a 'java/lang/NoSuchMethodError'{0x00000000c6a0b7a8}: 'int java.lang.invoke.DirectMethodHandle$Holder.invokeStatic(java.lang.Object)'> (0x00000000c6a0b7a8) 
thrown [s\src\hotspot\share\interpreter\linkResolver.cpp, line 773]
Event: 5.178 Thread 0x000002c2529cc9e0 Exception <a 'java/lang/NoSuchMethodError'{0x00000000c7dc42e0}: 'java.lang.Object java.lang.invoke.DirectMethodHandle$Holder.invokeStaticInit(java.lang.Object, java.lang.Object, java.lang.Object, java.lang.Object)'> (0x00000000c7dc42e0) 
thrown [s\src\hotspot\share\interpreter\linkResolver.cpp, line 773]
Event: 5.196 Thread 0x000002c2529cc9e0 Exception <a 'java/lang/NoSuchMethodError'{0x00000000c76a1f60}: 'int java.lang.invoke.Invokers$Holder.invokeExact_MT(java.lang.Object, java.lang.Object)'> (0x00000000c76a1f60) 
thrown [s\src\hotspot\share\interpreter\linkResolver.cpp, line 773]
Event: 5.494 Thread 0x000002c2529cc9e0 Exception <a 'java/lang/IncompatibleClassChangeError'{0x00000000c76ad4e8}: Found class java.lang.Object, but interface was expected> (0x00000000c76ad4e8) 
thrown [s\src\hotspot\share\interpreter\linkResolver.cpp, line 840]
Event: 5.510 Thread 0x000002c2529cc9e0 Exception <a 'java/lang/NoSuchMethodError'{0x00000000c717bfd8}: 'java.lang.Object java.lang.invoke.DirectMethodHandle$Holder.invokeStatic(java.lang.Object, java.lang.Object, int, java.lang.Object)'> (0x00000000c717bfd8) 
thrown [s\src\hotspot\share\interpreter\linkResolver.cpp, line 773]
Event: 5.511 Thread 0x000002c2529cc9e0 Exception <a 'java/lang/NoSuchMethodError'{0x00000000c7180020}: 'java.lang.Object java.lang.invoke.DirectMethodHandle$Holder.invokeStaticInit(java.lang.Object, java.lang.Object, int, java.lang.Object)'> (0x00000000c7180020) 
thrown [s\src\hotspot\share\interpreter\linkResolver.cpp, line 773]

ZGC Phase Switch (0 events):
No events

VM Operations (20 events):
Event: 4.350 Executing VM operation: HandshakeAllThreads (Deoptimize) done
Event: 4.596 Executing VM operation: CollectForMetadataAllocation (Metadata GC Threshold)
Event: 4.599 Executing VM operation: CollectForMetadataAllocation (Metadata GC Threshold) done
Event: 4.621 Executing VM operation: G1PauseRemark
Event: 4.623 Executing VM operation: G1PauseRemark done
Event: 4.631 Executing VM operation: G1PauseCleanup
Event: 4.632 Executing VM operation: G1PauseCleanup done
Event: 5.144 Executing VM operation: G1CollectForAllocation (G1 Evacuation Pause)
Event: 5.149 Executing VM operation: G1CollectForAllocation (G1 Evacuation Pause) done
Event: 5.454 Executing VM operation: G1CollectForAllocation (G1 Evacuation Pause)
Event: 5.459 Executing VM operation: G1CollectForAllocation (G1 Evacuation Pause) done
Event: 5.741 Executing VM operation: HandshakeAllThreads (Deoptimize)
Event: 5.742 Executing VM operation: HandshakeAllThreads (Deoptimize) done
Event: 5.745 Executing VM operation: HandshakeAllThreads (Deoptimize)
Event: 5.745 Executing VM operation: HandshakeAllThreads (Deoptimize) done
Event: 5.764 Executing VM operation: HandshakeAllThreads (Deoptimize)
Event: 5.764 Executing VM operation: HandshakeAllThreads (Deoptimize) done
Event: 5.845 Executing VM operation: HandshakeAllThreads (Deoptimize)
Event: 5.845 Executing VM operation: HandshakeAllThreads (Deoptimize) done
Event: 5.860 Executing VM operation: G1CollectForAllocation (G1 Evacuation Pause)

Memory protections (0 events):
No events

Nmethod flushes (20 events):
Event: 4.623 Thread 0x000002c20ce61d30 flushing  nmethod 0x000002c206e76090
Event: 4.623 Thread 0x000002c20ce61d30 flushing  nmethod 0x000002c206ab3d10
Event: 4.623 Thread 0x000002c20ce61d30 flushing  nmethod 0x000002c206b69510
Event: 4.623 Thread 0x000002c20ce61d30 flushing  nmethod 0x000002c206b6ae90
Event: 4.623 Thread 0x000002c20ce61d30 flushing  nmethod 0x000002c206b6b190
Event: 4.623 Thread 0x000002c20ce61d30 flushing  nmethod 0x000002c206c18c90
Event: 4.623 Thread 0x000002c20ce61d30 flushing  nmethod 0x000002c206d76f10
Event: 4.623 Thread 0x000002c20ce61d30 flushing  nmethod 0x000002c206aafb10
Event: 4.623 Thread 0x000002c20ce61d30 flushing  nmethod 0x000002c206ab0210
Event: 4.623 Thread 0x000002c20ce61d30 flushing  nmethod 0x000002c206ac8790
Event: 4.623 Thread 0x000002c20ce61d30 flushing  nmethod 0x000002c206ac9390
Event: 4.623 Thread 0x000002c20ce61d30 flushing  nmethod 0x000002c206b0ec90
Event: 4.623 Thread 0x000002c20ce61d30 flushing  nmethod 0x000002c206b38e10
Event: 4.623 Thread 0x000002c20ce61d30 flushing  nmethod 0x000002c206b75890
Event: 4.623 Thread 0x000002c20ce61d30 flushing  nmethod 0x000002c206b90b10
Event: 4.623 Thread 0x000002c20ce61d30 flushing  nmethod 0x000002c206bab390
Event: 4.623 Thread 0x000002c20ce61d30 flushing  nmethod 0x000002c206bacd90
Event: 4.623 Thread 0x000002c20ce61d30 flushing  nmethod 0x000002c206bae390
Event: 4.623 Thread 0x000002c20ce61d30 flushing  nmethod 0x000002c206bafc90
Event: 4.623 Thread 0x000002c20ce61d30 flushing  nmethod 0x000002c206d48410

Events (20 events):
Event: 0.135 Thread 0x000002c200c4f400 Thread added: 0x000002c20ce94dc0
Event: 0.184 Thread 0x000002c200c4f400 Thread added: 0x000002c203044510
Event: 0.201 Thread 0x000002c200c4f400 Thread added: 0x000002c252086390
Event: 0.657 Thread 0x000002c200c4f400 Thread added: 0x000002c252564fc0
Event: 0.669 Thread 0x000002c200c4f400 Thread added: 0x000002c252571580
Event: 0.691 Thread 0x000002c200c4f400 Thread added: 0x000002c25259c8e0
Event: 0.957 Thread 0x000002c252571580 Thread added: 0x000002c25295f970
Event: 0.990 Thread 0x000002c200c4f400 Thread added: 0x000002c25295ffd0
Event: 0.997 Thread 0x000002c25295f970 Thread added: 0x000002c2529bfd60
Event: 0.997 Thread 0x000002c25295ffd0 Thread added: 0x000002c2529cc9e0
Event: 1.062 Thread 0x000002c252564fc0 Thread added: 0x000002c2529e1870
Event: 1.157 Thread 0x000002c2529e1870 Thread added: 0x000002c252a33f40
Event: 1.575 Thread 0x000002c2529cc9e0 Thread added: 0x000002c252a345d0
Event: 2.562 Thread 0x000002c2529cc9e0 Thread added: 0x000002c252a338b0
Event: 2.584 Thread 0x000002c252a345d0 Thread exited: 0x000002c252a345d0
Event: 2.777 Thread 0x000002c252a338b0 Thread exited: 0x000002c252a338b0
Event: 2.958 Thread 0x000002c20ce94dc0 Thread added: 0x000002c2535d0ef0
Event: 4.191 Thread 0x000002c2529cc9e0 Thread added: 0x000002c252a317e0
Event: 5.039 Thread 0x000002c2529cc9e0 Thread added: 0x000002c252a33220
Event: 5.142 Thread 0x000002c252a33220 Thread added: 0x000002c252a34c60


Dynamic libraries:
0x00007ff68ae60000 - 0x00007ff68ae6e000 	C:\Program Files\sts-4.29.1.RELEASE\plugins\org.eclipse.justj.openjdk.hotspot.jre.full.win32.x86_64_21.0.6.v20250130-0529\jre\bin\javaw.exe
0x00007ff8fa7f0000 - 0x00007ff8faa07000 	C:\WINDOWS\SYSTEM32\ntdll.dll
0x00007ff8f94e0000 - 0x00007ff8f95a4000 	C:\WINDOWS\System32\KERNEL32.DLL
0x00007ff8f7ab0000 - 0x00007ff8f7e6a000 	C:\WINDOWS\System32\KERNELBASE.dll
0x00007ff8f8320000 - 0x00007ff8f8431000 	C:\WINDOWS\System32\ucrtbase.dll
0x00007ff8e5b20000 - 0x00007ff8e5b3e000 	C:\Program Files\sts-4.29.1.RELEASE\plugins\org.eclipse.justj.openjdk.hotspot.jre.full.win32.x86_64_21.0.6.v20250130-0529\jre\bin\VCRUNTIME140.dll
0x00007ff8e54f0000 - 0x00007ff8e5508000 	C:\Program Files\sts-4.29.1.RELEASE\plugins\org.eclipse.justj.openjdk.hotspot.jre.full.win32.x86_64_21.0.6.v20250130-0529\jre\bin\jli.dll
0x00007ff8f84e0000 - 0x00007ff8f868e000 	C:\WINDOWS\System32\USER32.dll
0x00007ff8f8100000 - 0x00007ff8f8126000 	C:\WINDOWS\System32\win32u.dll
0x00007ff8f8ad0000 - 0x00007ff8f8af9000 	C:\WINDOWS\System32\GDI32.dll
0x00007ff8f7ea0000 - 0x00007ff8f7fbb000 	C:\WINDOWS\System32\gdi32full.dll
0x00007ff8f8440000 - 0x00007ff8f84da000 	C:\WINDOWS\System32\msvcp_win.dll
0x00007ff8e2e70000 - 0x00007ff8e3102000 	C:\WINDOWS\WinSxS\amd64_microsoft.windows.common-controls_6595b64144ccf1df_6.0.22621.4541_none_2710d1c57384c085\COMCTL32.dll
0x00007ff8f9e30000 - 0x00007ff8f9ed7000 	C:\WINDOWS\System32\msvcrt.dll
0x00007ff8f8890000 - 0x00007ff8f88c1000 	C:\WINDOWS\System32\IMM32.DLL
0x00007ff8e5b10000 - 0x00007ff8e5b1c000 	C:\Program Files\sts-4.29.1.RELEASE\plugins\org.eclipse.justj.openjdk.hotspot.jre.full.win32.x86_64_21.0.6.v20250130-0529\jre\bin\vcruntime140_1.dll
0x00007ff8b01d0000 - 0x00007ff8b025d000 	C:\Program Files\sts-4.29.1.RELEASE\plugins\org.eclipse.justj.openjdk.hotspot.jre.full.win32.x86_64_21.0.6.v20250130-0529\jre\bin\msvcp140.dll
0x00007ff887020000 - 0x00007ff887db0000 	C:\Program Files\sts-4.29.1.RELEASE\plugins\org.eclipse.justj.openjdk.hotspot.jre.full.win32.x86_64_21.0.6.v20250130-0529\jre\bin\server\jvm.dll
0x00007ff8fa6d0000 - 0x00007ff8fa782000 	C:\WINDOWS\System32\ADVAPI32.dll
0x00007ff8f8bb0000 - 0x00007ff8f8c57000 	C:\WINDOWS\System32\sechost.dll
0x00007ff8f7e70000 - 0x00007ff8f7e98000 	C:\WINDOWS\System32\bcrypt.dll
0x00007ff8f95c0000 - 0x00007ff8f96d4000 	C:\WINDOWS\System32\RPCRT4.dll
0x00007ff8fa140000 - 0x00007ff8fa1b1000 	C:\WINDOWS\System32\WS2_32.dll
0x00007ff8f7980000 - 0x00007ff8f79cd000 	C:\WINDOWS\SYSTEM32\POWRPROF.dll
0x00007ff8e88f0000 - 0x00007ff8e88fa000 	C:\WINDOWS\SYSTEM32\VERSION.dll
0x00007ff8ee320000 - 0x00007ff8ee354000 	C:\WINDOWS\SYSTEM32\WINMM.dll
0x00007ff8f78b0000 - 0x00007ff8f78c3000 	C:\WINDOWS\SYSTEM32\UMPDC.dll
0x00007ff8f6af0000 - 0x00007ff8f6b08000 	C:\WINDOWS\SYSTEM32\kernel.appcore.dll
0x00007ff8f3e50000 - 0x00007ff8f3e5a000 	C:\Program Files\sts-4.29.1.RELEASE\plugins\org.eclipse.justj.openjdk.hotspot.jre.full.win32.x86_64_21.0.6.v20250130-0529\jre\bin\jimage.dll
0x00007ff8f5610000 - 0x00007ff8f5842000 	C:\WINDOWS\SYSTEM32\DBGHELP.DLL
0x00007ff8f9a90000 - 0x00007ff8f9e21000 	C:\WINDOWS\System32\combase.dll
0x00007ff8f99b0000 - 0x00007ff8f9a87000 	C:\WINDOWS\System32\OLEAUT32.dll
0x00007ff8d27f0000 - 0x00007ff8d2822000 	C:\WINDOWS\SYSTEM32\dbgcore.DLL
0x00007ff8f8080000 - 0x00007ff8f80fb000 	C:\WINDOWS\System32\bcryptPrimitives.dll
0x00007ff8e8f50000 - 0x00007ff8e8f6f000 	C:\Program Files\sts-4.29.1.RELEASE\plugins\org.eclipse.justj.openjdk.hotspot.jre.full.win32.x86_64_21.0.6.v20250130-0529\jre\bin\java.dll
0x00007ff8f8c60000 - 0x00007ff8f94d9000 	C:\WINDOWS\System32\SHELL32.dll
0x00007ff8f5850000 - 0x00007ff8f6159000 	C:\WINDOWS\SYSTEM32\windows.storage.dll
0x00007ff8f54d0000 - 0x00007ff8f560f000 	C:\WINDOWS\SYSTEM32\wintypes.dll
0x00007ff8f96f0000 - 0x00007ff8f97ea000 	C:\WINDOWS\System32\SHCORE.dll
0x00007ff8f9f30000 - 0x00007ff8f9f8e000 	C:\WINDOWS\System32\shlwapi.dll
0x00007ff8f79e0000 - 0x00007ff8f7a0b000 	C:\WINDOWS\SYSTEM32\profapi.dll
0x00007ff8e7ce0000 - 0x00007ff8e7cf8000 	C:\Program Files\sts-4.29.1.RELEASE\plugins\org.eclipse.justj.openjdk.hotspot.jre.full.win32.x86_64_21.0.6.v20250130-0529\jre\bin\zip.dll
0x00007ff8f2950000 - 0x00007ff8f2960000 	C:\Program Files\sts-4.29.1.RELEASE\plugins\org.eclipse.justj.openjdk.hotspot.jre.full.win32.x86_64_21.0.6.v20250130-0529\jre\bin\net.dll
0x00007ff8f0230000 - 0x00007ff8f0366000 	C:\WINDOWS\SYSTEM32\WINHTTP.dll
0x00007ff8f6f70000 - 0x00007ff8f6fd9000 	C:\WINDOWS\system32\mswsock.dll
0x00007ff8e60e0000 - 0x00007ff8e60f6000 	C:\Program Files\sts-4.29.1.RELEASE\plugins\org.eclipse.justj.openjdk.hotspot.jre.full.win32.x86_64_21.0.6.v20250130-0529\jre\bin\nio.dll
0x00007ff8e51e0000 - 0x00007ff8e51ea000 	C:\Program Files\sts-4.29.1.RELEASE\plugins\org.eclipse.justj.openjdk.hotspot.jre.full.win32.x86_64_21.0.6.v20250130-0529\jre\bin\management.dll
0x00007ff8e4e10000 - 0x00007ff8e4e1b000 	C:\Program Files\sts-4.29.1.RELEASE\plugins\org.eclipse.justj.openjdk.hotspot.jre.full.win32.x86_64_21.0.6.v20250130-0529\jre\bin\management_ext.dll
0x00007ff8f87b0000 - 0x00007ff8f87b8000 	C:\WINDOWS\System32\PSAPI.DLL
0x00007ff8d0570000 - 0x00007ff8d0587000 	C:\WINDOWS\system32\napinsp.dll
0x00007ff8d0550000 - 0x00007ff8d056b000 	C:\WINDOWS\system32\pnrpnsp.dll
0x00007ff8f6590000 - 0x00007ff8f6692000 	C:\WINDOWS\SYSTEM32\DNSAPI.dll
0x00007ff8f6560000 - 0x00007ff8f658d000 	C:\WINDOWS\SYSTEM32\IPHLPAPI.DLL
0x00007ff8f95b0000 - 0x00007ff8f95b9000 	C:\WINDOWS\System32\NSI.dll
0x00007ff8d0530000 - 0x00007ff8d0541000 	C:\WINDOWS\System32\winrnr.dll
0x00007ff8d0510000 - 0x00007ff8d0525000 	C:\WINDOWS\system32\wshbth.dll
0x00007ff8d04e0000 - 0x00007ff8d0507000 	C:\WINDOWS\system32\nlansp_c.dll
0x00007ff8e88e0000 - 0x00007ff8e88ea000 	C:\Windows\System32\rasadhlp.dll
0x00007ff8e87d0000 - 0x00007ff8e8853000 	C:\WINDOWS\System32\fwpuclnt.dll
0x00007ff8f71c0000 - 0x00007ff8f71db000 	C:\WINDOWS\SYSTEM32\CRYPTSP.dll
0x00007ff8f6a50000 - 0x00007ff8f6a85000 	C:\WINDOWS\system32\rsaenh.dll
0x00007ff8f7060000 - 0x00007ff8f7088000 	C:\WINDOWS\SYSTEM32\USERENV.dll
0x00007ff8f71e0000 - 0x00007ff8f71ec000 	C:\WINDOWS\SYSTEM32\CRYPTBASE.dll
0x00007ff8e60d0000 - 0x00007ff8e60d9000 	C:\Program Files\sts-4.29.1.RELEASE\plugins\org.eclipse.justj.openjdk.hotspot.jre.full.win32.x86_64_21.0.6.v20250130-0529\jre\bin\extnet.dll
0x00007ff8e6190000 - 0x00007ff8e619e000 	C:\Program Files\sts-4.29.1.RELEASE\plugins\org.eclipse.justj.openjdk.hotspot.jre.full.win32.x86_64_21.0.6.v20250130-0529\jre\bin\sunmscapi.dll
0x00007ff8f81b0000 - 0x00007ff8f8316000 	C:\WINDOWS\System32\CRYPT32.dll
0x00007ff8f7360000 - 0x00007ff8f738d000 	C:\WINDOWS\SYSTEM32\ncrypt.dll
0x00007ff8f7320000 - 0x00007ff8f7357000 	C:\WINDOWS\SYSTEM32\NTASN1.dll
0x00007ff8e7c00000 - 0x00007ff8e7c10000 	C:\Program Files\sts-4.29.1.RELEASE\plugins\org.eclipse.justj.openjdk.hotspot.jre.full.win32.x86_64_21.0.6.v20250130-0529\jre\bin\verify.dll

dbghelp: loaded successfully - version: 4.0.5 - missing functions: none
symbol engine: initialized successfully - sym options: 0x614 - pdb path: .;C:\Program Files\sts-4.29.1.RELEASE\plugins\org.eclipse.justj.openjdk.hotspot.jre.full.win32.x86_64_21.0.6.v20250130-0529\jre\bin;C:\WINDOWS\SYSTEM32;C:\WINDOWS\WinSxS\amd64_microsoft.windows.common-controls_6595b64144ccf1df_6.0.22621.4541_none_2710d1c57384c085;C:\Program Files\sts-4.29.1.RELEASE\plugins\org.eclipse.justj.openjdk.hotspot.jre.full.win32.x86_64_21.0.6.v20250130-0529\jre\bin\server

VM Arguments:
jvm_args: -Dcom.sun.management.jmxremote -Dcom.sun.management.jmxremote.port=57821 -Dcom.sun.management.jmxremote.authenticate=false -Dcom.sun.management.jmxremote.ssl=false -Djava.rmi.server.hostname=localhost -Dspring.jmx.enabled=true -Dmanagement.endpoints.jmx.exposure.include=* -Dspring.application.admin.enabled=true -Dspring.output.ansi.enabled=always -XX:TieredStopAtLevel=1 -Dspring.boot.project.name=myapp -Dfile.encoding=UTF-8 -Dstdout.encoding=UTF-8 -Dstderr.encoding=UTF-8 -XX:+ShowCodeDetailsInExceptionMessages 
java_command: com.wedding.ecommerce.MyappApplication
java_class_path (initial): C:\Users\adithya\Desktop\H1\Wedding website\Wedding-Essentials-E-Commerce-website\backend\myapp\target\classes;C:\Users\adithya\.m2\repository\org\springframework\boot\spring-boot-starter-data-jpa\3.4.4\spring-boot-starter-data-jpa-3.4.4.jar;C:\Users\adithya\.m2\repository\org\springframework\boot\spring-boot-starter\3.4.4\spring-boot-starter-3.4.4.jar;C:\Users\adithya\.m2\repository\org\springframework\boot\spring-boot-starter-logging\3.4.4\spring-boot-starter-logging-3.4.4.jar;C:\Users\adithya\.m2\repository\ch\qos\logback\logback-classic\1.5.18\logback-classic-1.5.18.jar;C:\Users\adithya\.m2\repository\ch\qos\logback\logback-core\1.5.18\logback-core-1.5.18.jar;C:\Users\adithya\.m2\repository\org\apache\logging\log4j\log4j-to-slf4j\2.24.3\log4j-to-slf4j-2.24.3.jar;C:\Users\adithya\.m2\repository\org\apache\logging\log4j\log4j-api\2.24.3\log4j-api-2.24.3.jar;C:\Users\adithya\.m2\repository\org\slf4j\jul-to-slf4j\2.0.17\jul-to-slf4j-2.0.17.jar;C:\Users\adithya\.m2\repository\jakarta\annotation\jakarta.annotation-api\2.1.1\jakarta.annotation-api-2.1.1.jar;C:\Users\adithya\.m2\repository\org\yaml\snakeyaml\2.3\snakeyaml-2.3.jar;C:\Users\adithya\.m2\repository\org\springframework\boot\spring-boot-starter-jdbc\3.4.4\spring-boot-starter-jdbc-3.4.4.jar;C:\Users\adithya\.m2\repository\com\zaxxer\HikariCP\5.1.0\HikariCP-5.1.0.jar;C:\Users\adithya\.m2\repository\org\springframework\spring-jdbc\6.2.5\spring-jdbc-6.2.5.jar;C:\Users\adithya\.m2\repository\org\hibernate\orm\hibernate-core\6.6.11.Final\hibernate-core-6.6.11.Final.jar;C:\Users\adithya\.m2\repository\jakarta\persistence\jakarta.persistence-api\3.1.0\jakarta.persistence-api-3.1.0.jar;C:\Users\adithya\.m2\repository\jakarta\transaction\jakarta.transaction-api\2.0.1\jakarta.transaction-api-2.0.1.jar;C:\Users\adithya\.m2\repository\org\jboss\logging\jboss-logging\3.6.1.Final\jboss-logging-3.6.1.Final.jar;C:\Users\adithya\.m2\repository\org\hibernate\common\hibernate-commons-annotations\7.0.3.Final\hibernate-commons-annotations-7.0.3.Final.jar;C:\Users\adithya\.m2\repository\io\smallrye\jandex\3.2.0\jandex-3.2.0.jar;C:\Users\adithya\.m2\repository\com\fasterxml\classmate\1.7.0\classmate-1.7.0.jar;C:\Users\adithya\.m2\repository\net\bytebuddy\byte-buddy\1.15.11\byte-buddy-1.15.11.jar;C:\Users\adithya\.m2\repository\org\glassfish\jaxb\jaxb-runtime\4.0.5\jaxb-runtime-4.0.5.jar;C:\Users\adithya\.m2\repository\org\glassfish\jaxb\jaxb-core\4.0.5\jaxb-core-4.0.5.jar;C:\Users\adithya\.m2\repository\org\eclipse\angus\angus-activation\2.0.2\angus-activation-2.0.2.jar;C:\Users\adithya\.m2\repository\org\glassfish\jaxb\txw2\4.0.5\txw2-4.0.5.jar;C:\Users\adithya\.m2\repository\com\sun\istack\istack-commons-runtime\4.1.2\istack-commons-runtime-4.1.2.jar;C:\Users\adithya\.m2\repository\jakarta\inject\jakarta.inject-api\2.0.1\jakarta.inject-api-2.0.1.jar;C:\Users\adithya\.m2\repository\org\antlr\antlr4-runtime\4.13.0\antlr4-runtime-4.13.0.jar;C:\Users\adithya\.m2\repository\org\springframework\data\spring-data-jpa\3.4.4\spring-data-jpa-3.4.4.jar;C:\Users\adithya\.m2\repository\org\springframework\data\spring-data-commons\3.4.4\spring-data-commons-3.4.4.jar;C:\Users\adithya\.m2\repository\org\springframework\spring-orm\6.2.5\spring-orm-6.2.5.jar;C:\Users\adithya\.m2\repository\org\springframework\spring-context\6.2.5\spring-context-6.2.5.jar;C:\Users\adithya\.m2\repository\org\springframework\spring-tx\6.2.5\spring-tx-6.2.5.jar;C:\Users\adithya\.m2\repository\org\springframework\spring-beans\6.2.5\spring-beans-6.2.5.jar;C:\Users\adithya\.m2\repository\org\slf4j\slf4j-api\2.0.17\slf4j-api-2.0.17.jar;C:\Users\adithya\.m2\repository\org\springframework\spring-aspects\6.2.5\spring-aspects-6.2.5.jar;C:\Users\adithya\.m2\repository\org\aspectj\aspectjweaver\1.9.23\aspectjweaver-1.9.23.jar;C:\Users\adithya\.m2\repository\org\springframework\boot\spring-boot-starter-security\3.4.4\spring-boot-starter-security-3.4.4.jar;C:\Users\adithya\.m2\repository\org\springframework\spring-aop\6.2.5\spring-aop-6.2.5.jar;C:\Users\adithya\.m2\repository\org\springframework\security\spring-security-config\6.4.4\spring-security-config-6.4.4.jar;C:\Users\adithya\.m2\repository\org\springframework\security\spring-security-web\6.4.4\spring-security-web-6.4.4.jar;C:\Users\adithya\.m2\repository\org\springframework\spring-expression\6.2.5\spring-expression-6.2.5.jar;C:\Users\adithya\.m2\repository\org\springframework\boot\spring-boot-starter-web\3.4.4\spring-boot-starter-web-3.4.4.jar;C:\Users\adithya\.m2\repository\org\springframework\boot\spring-boot-starter-json\3.4.4\spring-boot-starter-json-3.4.4.jar;C:\Users\adithya\.m2\repository\com\fasterxml\jackson\datatype\jackson-datatype-jdk8\2.18.3\jackson-datatype-jdk8-2.18.3.jar;C:\Users\adithya\.m2\repository\com\fasterxml\jackson\datatype\jackson-datatype-jsr310\2.18.3\jackson-datatype-jsr310-2.18.3.jar;C:\Users\adithya\.m2\repository\com\fasterxml\jackson\module\jackson-module-parameter-names\2.18.3\jackson-module-parameter-names-2.18.3.jar;C:\Users\adithya\.m2\repository\org\springframework\boot\spring-boot-starter-tomcat\3.4.4\spring-boot-starter-tomcat-3.4.4.jar;C:\Users\adithya\.m2\repository\org\apache\tomcat\embed\tomcat-embed-core\10.1.39\tomcat-embed-core-10.1.39.jar;C:\Users\adithya\.m2\repository\org\apache\tomcat\embed\tomcat-embed-el\10.1.39\tomcat-embed-el-10.1.39.jar;C:\Users\adithya\.m2\repository\org\apache\tomcat\embed\tomcat-embed-websocket\10.1.39\tomcat-embed-websocket-10.1.39.jar;C:\Users\adithya\.m2\repository\org\springframework\spring-web\6.2.5\spring-web-6.2.5.jar;C:\Users\adithya\.m2\repository\io\micrometer\micrometer-observation\1.14.5\micrometer-observation-1.14.5.jar;C:\Users\adithya\.m2\repository\io\micrometer\micrometer-commons\1.14.5\micrometer-commons-1.14.5.jar;C:\Users\adithya\.m2\repository\org\springframework\spring-webmvc\6.2.5\spring-webmvc-6.2.5.jar;C:\Users\adithya\.m2\repository\org\springframework\boot\spring-boot-devtools\3.4.4\spring-boot-devtools-3.4.4.jar;C:\Users\adithya\.m2\repository\org\springframework\boot\spring-boot\3.4.4\spring-boot-3.4.4.jar;C:\Users\adithya\.m2\repository\org\springframework\boot\spring-boot-autoconfigure\3.4.4\spring-boot-autoconfigure-3.4.4.jar;C:\Users\adithya\.m2\repository\com\mysql\mysql-connector-j\9.1.0\mysql-connector-j-9.1.0.jar;C:\Users\adithya\.m2\repository\jakarta\xml\bind\jakarta.xml.bind-api\4.0.2\jakarta.xml.bind-api-4.0.2.jar;C:\Users\adithya\.m2\repository\jakarta\activation\jakarta.activation-api\2.1.3\jakarta.activation-api-2.1.3.jar;C:\Users\adithya\.m2\repository\org\springframework\spring-core\6.2.5\spring-core-6.2.5.jar;C:\Users\adithya\.m2\repository\org\springframework\spring-jcl\6.2.5\spring-jcl-6.2.5.jar;C:\Users\adithya\.m2\repository\org\springframework\security\spring-security-core\6.4.4\spring-security-core-6.4.4.jar;C:\Users\adithya\.m2\repository\org\springframework\security\spring-security-crypto\6.4.4\spring-security-crypto-6.4.4.jar;C:\Users\adithya\.m2\repository\io\jsonwebtoken\jjwt-api\0.11.5\jjwt-api-0.11.5.jar;C:\Users\adithya\.m2\repository\io\jsonwebtoken\jjwt-impl\0.11.5\jjwt-impl-0.11.5.jar;C:\Users\adithya\.m2\repository\io\jsonwebtoken\jjwt-jackson\0.11.5\jjwt-jackson-0.11.5.jar;C:\Users\adithya\.m2\repository\com\fasterxml\jackson\core\jackson-databind\2.18.3\jackson-databind-2.18.3.jar;C:\Users\adithya\.m2\repository\com\fasterxml\jackson\core\jackson-annotations\2.18.3\jackson-annotations-2.18.3.jar;C:\Users\adithya\.m2\repository\com\fasterxml\jackson\core\jackson-core\2.18.3\jackson-core-2.18.3.jar
Launcher Type: SUN_STANDARD

[Global flags]
     intx CICompilerCount                          = 3                                         {product} {ergonomic}
     uint ConcGCThreads                            = 1                                         {product} {ergonomic}
     uint G1ConcRefinementThreads                  = 4                                         {product} {ergonomic}
   size_t G1HeapRegionSize                         = 1048576                                   {product} {ergonomic}
    uintx GCDrainStackTargetSize                   = 64                                        {product} {ergonomic}
   size_t InitialHeapSize                          = 62914560                                  {product} {ergonomic}
     bool ManagementServer                         = true                                      {product} {command line}
   size_t MarkStackSize                            = 4194304                                   {product} {ergonomic}
   size_t MaxHeapSize                              = 1004535808                                {product} {ergonomic}
   size_t MaxNewSize                               = 601882624                                 {product} {ergonomic}
   size_t MinHeapDeltaBytes                        = 1048576                                   {product} {ergonomic}
   size_t MinHeapSize                              = 8388608                                   {product} {ergonomic}
    uintx NonNMethodCodeHeapSize                   = 4096                                   {pd product} {ergonomic}
    uintx NonProfiledCodeHeapSize                  = 0                                      {pd product} {ergonomic}
     bool ProfileInterpreter                       = false                                  {pd product} {command line}
    uintx ProfiledCodeHeapSize                     = 0                                      {pd product} {ergonomic}
     bool ShowCodeDetailsInExceptionMessages       = true                                   {manageable} {command line}
   size_t SoftMaxHeapSize                          = 1004535808                             {manageable} {ergonomic}
     intx TieredStopAtLevel                        = 1                                         {product} {command line}
     bool UseCompressedOops                        = true                           {product lp64_product} {ergonomic}
     bool UseG1GC                                  = true                                      {product} {ergonomic}
     bool UseLargePagesIndividualAllocation        = false                                  {pd product} {ergonomic}

Logging:
Log output configuration:
 #0: stdout all=warning uptime,level,tags foldmultilines=false
 #1: stderr all=off uptime,level,tags foldmultilines=false

Environment Variables:
PATH=C:/Program Files/sts-4.29.1.RELEASE//plugins/org.eclipse.justj.openjdk.hotspot.jre.full.win32.x86_64_21.0.6.v20250130-0529/jre/bin/server;C:/Program Files/sts-4.29.1.RELEASE//plugins/org.eclipse.justj.openjdk.hotspot.jre.full.win32.x86_64_21.0.6.v20250130-0529/jre/bin;C:\Program Files\Microsoft MPI\Bin\;C:\Program Files\Common Files\Oracle\Java\javapath;C:\WINDOWS\system32;C:\WINDOWS;C:\WINDOWS\System32\Wbem;C:\WINDOWS\System32\WindowsPowerShell\v1.0\;C:\WINDOWS\System32\OpenSSH\;C:\Program Files\dotnet\;C:\Program Files\nodejs\;C:\Program Files (x86)\Windows Kits\10\Windows Performance Toolkit\;C:\Program Files\Git\cmd;C:\Users\adithya\AppData\Local\Microsoft\WindowsApps;C:\Users\adithya\.babun;C:\Users\adithya\AppData\Roaming\npm;C:\Users\adithya\AppData\Local\Programs\Microsoft VS Code\bin;C:\Users\adithya\AppData\Local\GitHubDesktop\bin;C:\Program Files\sts-4.29.1.RELEASE;
USERNAME=adithya
OS=Windows_NT
PROCESSOR_IDENTIFIER=Intel64 Family 6 Model 140 Stepping 1, GenuineIntel
TMP=C:\Users\adithya\AppData\Local\Temp
TEMP=C:\Users\adithya\AppData\Local\Temp




Periodic native trim disabled

---------------  S Y S T E M  ---------------

OS:
 Windows 11 , 64 bit Build 22621 (10.0.22621.4391)
OS uptime: 1 days 22:25 hours

CPU: total 4 (initial active 4) (2 cores per cpu, 2 threads per core) family 6 model 140 stepping 1 microcode 0xba, cx8, cmov, fxsr, ht, mmx, 3dnowpref, sse, sse2, sse3, ssse3, sse4.1, sse4.2, popcnt, lzcnt, tsc, tscinvbit, avx, avx2, aes, erms, clmul, bmi1, bmi2, adx, avx512f, avx512dq, avx512cd, avx512bw, avx512vl, sha, fma, vzeroupper, avx512_vpopcntdq, avx512_vpclmulqdq, avx512_vaes, avx512_vnni, clflush, clflushopt, clwb, avx512_vbmi2, avx512_vbmi, rdtscp, rdpid, fsrm, gfni, avx512_bitalg, f16c, pku, cet_ibt, cet_ss, avx512_ifma
Processor Information for the first 4 processors :
  Max Mhz: 2995, Current Mhz: 2995, Mhz Limit: 2995

Memory: 4k page, system-wide physical 3830M (129M free)
TotalPageFile size 15606M (AvailPageFile size 5M)
current process WorkingSet (physical memory assigned to process): 183M, peak: 183M
current process commit charge ("private bytes"): 210M, peak: 214M

vm_info: OpenJDK 64-Bit Server VM (21.0.6+7-LTS) for windows-amd64 JRE (21.0.6+7-LTS), built on 2025-01-21T00:00:00Z by "admin" with MS VC++ 17.7 (VS2022)

END.
